$GNRMC,,V,,,,,,,,,,N,V*37
$GNGGA,,,,,,0,,,,,,,,*78
$GPGSA,,1,,$GNRMC,,V,,,,,,,,,,N,V*37
$GNGGA,,,,,,0,,,,,,,,*78
$GPGSA,,1,,,,,,,,,,,,,,,,*73
$GPGSV,1,1,00,,,,,*55
$GPGST,,,,,,,,*57
#PPPNAVA,97,GPS,UNKNOWN,1,9477000,18975,0,18,2;INSUFFICIENT_OBS,NONE,0.00000000000,0.00000000000,-17.0000,17.0000,ERROR,0.0000,0.0000,0.0000,"",0.000,0.000,0,0,0,0,0,00,00,00*41232df6
$GPHDT,,T*1B
#UNIHEADINGA,97,GPS,UNKNOWN,1,9477000,18975,0,18,4;INSUFFICIENT_OBS,NONE,0.0000,0.0000,0.0000,0.0000,0.0000,0.0000,"",0,0,0,0,0,00,0,0*8c3d4fc2
#AGCA,97,GPS,UNKNOWN,1,9477000,18975,0,18,7;37,46,38,-1,-1,35,43,54,-1,-1*4c384831
$GNRMC,,V,,,,,,,,,,N,V*37
$GNGGA,,,,,,0,,,,,,,,*78
$GPGSA,,1,,,,,,,,,,,,,,,,*73
$GPGSV,1,1,00,,,,,*55
$GPGST,,,,,,,,*57
#PPPNAVA,97,GPS,UNKNOWN,1,9478000,18975,0,18,2;INSUFFICIENT_OBS,NONE,0.00000000000,0.00000000000,-17.0000,17.0000,ERROR,0.0000,0.0000,0.0000,"",0.000,0.000,0,0,0,0,0,00,00,00*bc5e18cf
$GPHDT,,T*1B
#UNIHEADINGA,97,GPS,UNKNOWN,1,9478000,18975,0,18,4;INSUFFICIENT_OBS,NONE,0.0000,0.0000,0.0000,0.0000,0.0000,0.0000,"",0,0,0,0,0,00,0,0*3fd28783
#AGCA,97,GPS,UNKNOWN,1,9478000,18975,0,18,7;37,46,38,-1,-1,35,44,54,-1,-1*96d03298
$GNRMC,,V,,,,,,,,,,N,V*37
$GNGGA,,,,,,0,,,,,,,,*78
$GPGSA,,1,,,,,,,,,,,,,,,,*73
$GPGSV,1,1,00,,,,,*55
$GPGST,,,,,,,,*57
#PPPNAVA,97,GPS,UNKNOWN,1,9479000,18975,0,18,2;INSUFFICIENT_OBS,NONE,0.00000000000,0.00000000000,-17.0000,17.0000,ERROR,0.0000,0.0000,0.0000,"",0.000,0.000,0,0,0,0,0,00,00,00*e410e3d2
$GPHDT,,T*1B
#UNIHEADINGA,97,GPS,UNKNOWN,1,9479000,18975,0,18,4;INSUFFICIENT_OBS,NONE,0.0000,0.0000,0.0000,0.0000,0.0000,0.0000,"",0,0,0,0,0,00,0,0*b119f7bc
#AGCA,97,GPS,UNKNOWN,1,9479000,18975,0,18,7;37,47,38,-1,-1,35,43,54,-1,-1*b8feb28a
$GNRMC,,V,,,,,,,,,,N,V*37
$GNGGA,,,,,,0,,,,,,,,*78
$GPGSA,,1,,,,,,,,,,,,,,,,*73
$GPGSV,1,1,00,,,,,*55
$GPGST,,,,,,,,*57
#PPPNAVA,97,GPS,UNKNOWN,1,9480000,18975,0,18,2;INSUFFICIENT_OBS,NONE,0.00000000000,0.00000000000,-17.0000,17.0000,ERROR,0.0000,0.0000,0.0000,"",0.000,0.000,0,0,0,0,0,00,00,00*4c423fd9
$GPHDT,,T*1B
#UNIHEADINGA,97,GPS,UNKNOWN,1,9480000,18975,0,18,4;INSUFFICIENT_OBS,NONE,0.0000,0.0000,0.0000,0.0000,0.0000,0.0000,"",0,0,0,0,0,00,0,0*93c78d33
#AGCA,97,GPS,UNKNOWN,1,9480000,18975,0,18,7;37,46,38,-1,-1,35,43,54,-1,-1*0fcd98fe
$GNRMC,,V,,,,,,,,,,N,V*37
$GNGGA,,,,,,0,,,,,,,,*78
$GPGSA,,1,,,,,,,,,,,,,,,,*73
$GPGSV,1,1,00,,,,,*55
$GPGST,,,,,,,,*57
#PPPNAVA,97,GPS,UNKNOWN,1,9481000,18975,0,18,2;INSUFFICIENT_OBS,NONE,0.00000000000,0.00000000000,-17.0000,17.0000,ERROR,0.0000,0.0000,0.0000,"",0.000,0.000,0,0,0,0,0,00,00,00*140cc4c4
$GPHDT,,T*1B
#UNIHEADINGA,97,GPS,UNKNOWN,1,9481000,18975,0,18,4;INSUFFICIENT_OBS,NONE,0.0000,0.0000,0.0000,0.0000,0.0000,0.0000,"",0,0,0,0,0,00,0,0*1d0cfd0c
#AGCA,97,GPS,UNKNOWN,1,9481000,18975,0,18,7;38,46,38,-1,-1,34,43,54,-1,-1*b28451a5
$GNRMC,,V,,,,,,,,,,N,V*37
$GNGGA,,,,,,0,,,,,,,,*78
$GPGSA,,1,,,,,,,,,,,,,,,,*73
$GPGSV,1,1,00,,,,,*55
$GPGST,,,,,,,,*57
#PPPNAVA,97,GPS,UNKNOWN,1,9482000,18975,0,18,2;INSUFFICIENT_OBS,NONE,0.00000000000,0.00000000000,-17.0000,17.0000,ERROR,0.0000,0.0000,0.0000,"",0.000,0.000,0,0,0,0,0,00,00,00*fcdfc9e3
$GPHDT,,T*1B
#UNIHEADINGA,97,GPS,UNKNOWN,1,9482000,18975,0,18,4;INSUFFICIENT_OBS,NONE,0.0000,0.0000,0.0000,0.0000,0.0000,0.0000,"",0,0,0,0,0,00,0,0*55206b0c
#AGCA,97,GPS,UNKNOWN,1,9482000,18975,0,18,7;37,47,38,-1,-1,35,42,54,-1,-1*97767504
$GNRMC,,V,,,,,,,,,,N,V*37
$GNGGA,,,,,,0,,,,,,,,*78
$GPGSA,,1,,,,,,,,,,,,,,,,*73
$GPGSV,1,1,00,,,,,*55
$GPGST,,,,,,,,*57
#PPPNAVA,97,GPS,UNKNOWN,1,9483000,18975,0,18,2;INSUFFICIENT_OBS,NONE,0.00000000000,0.00000000000,-17.0000,17.0000,ERROR,0.0000,0.0000,0.0000,"",0.000,0.000,0,0,0,0,0,00,00,00*a49132fe
$GPHDT,,T*1B
#UNIHEADINGA,97,GPS,UNKNOWN,1,9483000,18975,0,18,4;INSUFFICIENT_OBS,NONE,0.0000,0.0000,0.0000,0.0000,0.0000,0.0000,"",0,0,0,0,0,00,0,0*dbeb1b33
#AGCA,97,GPS,UNKNOWN,1,9483000,18975,0,18,7;37,47,37,-1,-1,35,46,54,-1,-1*2b7ec65b
$GNRMC,,V,,,,,,,,,,N,V*37
$GNGGA,,,,,,0,,,,,,,,*78
$GPGSA,,1,,,,,,,,,,,,,,,,*73
$GPGSV,1,1,00,,,,,*55
$GPGST,,,,,,,,*57
#PPPNAVA,97,GPS,UNKNOWN,1,9484000,18975,0,18,2;INSUFFICIENT_OBS,NONE,0.00000000000,0.00000000000,-17.0000,17.0000,ERROR,0.0000,0.0000,0.0000,"",0.000,0.000,0,0,0,0,0,00,00,00*f608d5ec
$GPHDT,,T*1B
#UNIHEADINGA,97,GPS,UNKNOWN,1,9484000,18975,0,18,4;INSUFFICIENT_OBS,NONE,0.0000,0.0000,0.0000,0.0000,0.0000,0.0000,"",0,0,0,0,0,00,0,0*c579470c
#AGCA,97,GPS,UNKNOWN,1,9484000,18975,0,18,7;37,46,38,-1,-1,35,45,54,-1,-1*7c46c36c
$GNRMC,,V,,,,,,,,,,N,V*37
$GNGGA,,,,,,0,,,,,,,,*78
$GPGSA,,1,,,,,,,,,,,,,,,,*73
$GPGSV,1,1,00,,,,,*55
$GPGST,,,,,,,,*57
#PPPNAVA,97,GPS,UNKNOWN,1,9485000,18975,0,18,2;INSUFFICIENT_OBS,NONE,0.00000000000,0.00000000000,-17.0000,17.0000,ERROR,0.0000,0.0000,0.0000,"",0.000,0.000,0,0,0,0,0,00,00,00*ae462ef1
$GPHDT,,T*1B
#UNIHEADINGA,97,GPS,UNKNOWN,1,9485000,18975,0,18,4;INSUFFICIENT_OBS,NONE,0.0000,0.0000,0.0000,0.0000,0.0000,0.0000,"",0,0,0,0,0,00,0,0*4bb23733
#AGCA,97,GPS,UNKNOWN,1,9485000,18975,0,18,7;37,46,38,-1,-1,34,43,54,-1,-1*c5b761cb
$GNRMC,,V,,,,,,,,,,N,V*37
$GNGGA,,,,,,0,,,,,,,,*78
$GPGSA,,1,,,,,,,,,,,,,,,,*73
$GPGSV,1,1,00,,,,,*55
$GPGST,,,,,,,,*57
#PPPNAVA,97,GPS,UNKNOWN,1,9486000,18975,0,18,2;INSUFFICIENT_OBS,NONE,0.00000000000,0.00000000000,-17.0000,17.0000,ERROR,0.0000,0.0000,0.0000,"",0.000,0.000,0,0,0,0,0,00,00,00*469523d6
$GPHDT,,T*1B
#UNIHEADINGA,97,GPS,UNKNOWN,1,9486000,18975,0,18,4;INSUFFICIENT_OBS,NONE,0.0000,0.0000,0.0000,0.0000,0.0000,0.0000,"",0,0,0,0,0,00,0,0*039ea133
#AGCA,97,GPS,UNKNOWN,1,9486000,18975,0,18,7;37,46,38,-1,-1,35,43,54,-1,-1*a3aaa5e1
$GNRMC,,V,,,,,,,,,,N,V*37
$GNGGA,,,,,,0,,,,,,,,*78
$GPGSA,,1,,,,,,,,,,,,,,,,*73
$GPGSV,1,1,00,,,,,*55
$GPGST,,,,,,,,*57
#PPPNAVA,97,GPS,UNKNOWN,1,9487000,18975,0,18,2;INSUFFICIENT_OBS,NONE,0.00000000000,0.00000000000,-17.0000,17.0000,ERROR,0.0000,0.0000,0.0000,"",0.000,0.000,0,0,0,0,0,00,00,00*1edbd8cb
$GPHDT,,T*1B
#UNIHEADINGA,97,GPS,UNKNOWN,1,9487000,18975,0,18,4;INSUFFICIENT_OBS,NONE,0.0000,0.0000,0.0000,0.0000,0.0000,0.0000,"",0,0,0,0,0,00,0,0*8d55d10c
#AGCA,97,GPS,UNKNOWN,1,9487000,18975,0,18,7;37,46,38,-1,-1,35,44,54,-1,-1*280fb5fd
$GNRMC,,V,,,,,,,,,,N,V*37
$GNGGA,,,,,,0,,,,,,,,*78
$GPGSA,,1,,,,,,,,,,,,,,,,*73
$GPGSV,1,1,00,,,,,*55
$GPGST,,,,,,,,*57
#PPPNAVA,97,GPS,UNKNOWN,1,9488000,18975,0,18,2;INSUFFICIENT_OBS,NONE,0.00000000000,0.00000000000,-17.0000,17.0000,ERROR,0.0000,0.0000,0.0000,"",0.000,0.000,0,0,0,0,0,00,00,00*e3a6edf2
$GPHDT,,T*1B
#UNIHEADINGA,97,GPS,UNKNOWN,1,9488000,18975,0,18,4;INSUFFICIENT_OBS,NONE,0.0000,0.0000,0.0000,0.0000,0.0000,0.0000,"",0,0,0,0,0,00,0,0*3eba194d
#AGCA,97,GPS,UNKNOWN,1,9488000,18975,0,18,7;36,46,38,-1,-1,35,43,54,-1,-1*f3523249
$GNRMC,,V,,,,,,,,,,N,V*37
$GNGGA,,,,,,0,,,,,,,,*78
$GPGSA,,1,,,,,,,,,,,,,,,,*73
$GPGSV,1,1,00,,,,,*55
$GPGST,,,,,,,,*57
#PPPNAVA,97,GPS,UNKNOWN,1,9489000,18975,0,18,2;INSUFFICIENT_OBS,NONE,0.00000000000,0.00000000000,-17.0000,17.0000,ERROR,0.0000,0.0000,0.0000,"",0.000,0.000,0,0,0,0,0,00,00,00*bbe816ef
$GPHDT,,T*1B
#UNIHEADINGA,97,GPS,UNKNOWN,1,9489000,18975,0,18,4;INSUFFICIENT_OBS,NONE,0.0000,0.0000,0.0000,0.0000,0.0000,0.0000,"",0,0,0,0,0,00,0,0*b0716972
#AGCA,97,GPS,UNKNOWN,1,9489000,18975,0,18,7;37,47,38,-1,-1,35,43,54,-1,-1*3e15543f
$GNRMC,,V,,,,,,,,,,N,V*37
$GNGGA,,,,,,0,,,,,,,,*78
$GPGSA,,1,,,,,,,,,,,,,,,,*73
$GPGSV,1,1,00,,,,,*55
$GPGST,,,,,,,,*57
#PPPNAVA,97,GPS,UNKNOWN,1,9490000,18975,0,18,2;INSUFFICIENT_OBS,NONE,0.00000000000,0.00000000000,-17.0000,17.0000,ERROR,0.0000,0.0000,0.0000,"",0.000,0.000,0,0,0,0,0,00,00,00*2f1c1dfb
$GPHDT,,T*1B
#UNIHEADINGA,97,GPS,UNKNOWN,1,9490000,18975,0,18,4;INSUFFICIENT_OBS,NONE,0.0000,0.0000,0.0000,0.0000,0.0000,0.0000,"",0,0,0,0,0,00,0,0*252f6b7e
#AGCA,97,GPS,UNKNOWN,1,9490000,18975,0,18,7;37,45,38,-1,-1,34,44,54,-1,-1*38db008d
$GNRMC,,V,,,,,,,,,,N,V*37
$GNGGA,,,,,,0,,,,,,,,*78
$GPGSA,,1,,,,,,,,,,,,,,,,*73
$GPGSV,1,1,00,,,,,*55
$GPGST,,,,,,,,*57
#PPPNAVA,97,GPS,UNKNOWN,1,9491000,18975,0,18,2;INSUFFICIENT_OBS,NONE,0.00000000000,0.00000000000,-17.0000,17.0000,ERROR,0.0000,0.0000,0.0000,"",0.000,0.000,0,0,0,0,0,00,00,00*7752e6e6
$GPHDT,,T*1B
#UNIHEADINGA,97,GPS,UNKNOWN,1,9491000,18975,0,18,4;INSUFFICIENT_OBS,NONE,0.0000,0.0000,0.0000,0.0000,0.0000,0.0000,"",0,0,0,0,0,00,0,0*abe41b41
#AGCA,97,GPS,UNKNOWN,1,9491000,18975,0,18,7;37,46,39,-1,-1,35,43,54,-1,-1*4c2d1b87
$GNRMC,,V,,,,,,,,,,N,V*37
$GNGGA,,,,,,0,,,,,,,,*78
$GPGSA,,1,,,,,,,,,,,,,,,,*73
$GPGSV,1,1,00,,,,,*55
$GPGST,,,,,,,,*57
#PPPNAVA,97,GPS,UNKNOWN,1,9492000,18975,0,18,2;INSUFFICIENT_OBS,NONE,0.00000000000,0.00000000000,-17.0000,17.0000,ERROR,0.0000,0.0000,0.0000,"",0.000,0.000,0,0,0,0,0,00,00,00*9f81ebc1
$GPHDT,,T*1B
#UNIHEADINGA,97,GPS,UNKNOWN,1,9492000,18975,0,18,4;INSUFFICIENT_OBS,NONE,0.0000,0.0000,0.0000,0.0000,0.0000,0.0000,"",0,0,0,0,0,00,0,0*e3c88d41
#AGCA,97,GPS,UNKNOWN,1,9492000,18975,0,18,7;37,46,38,-1,-1,34,45,54,-1,-1*3006cb2a
$GNRMC,,V,,,,,,,,,,N,V*37
$GNGGA,,,,,,0,,,,,,,,*78
$GPGSA,,1,,,,,,,,,,,,,,,,*73
$GPGSV,1,1,00,,,,,*55
$GPGST,,,,,,,,*57
#PPPNAVA,97,GPS,UNKNOWN,1,9493000,18975,0,18,2;INSUFFICIENT_OBS,NONE,0.00000000000,0.00000000000,-17.0000,17.0000,ERROR,0.0000,0.0000,0.0000,"",0.000,0.000,0,0,0,0,0,00,00,00*c7cf10dc
$GPHDT,,T*1B
#UNIHEADINGA,97,GPS,UNKNOWN,1,9493000,18975,0,18,4;INSUFFICIENT_OBS,NONE,0.0000,0.0000,0.0000,0.0000,0.0000,0.0000,"",0,0,0,0,0,00,0,0*6d03fd7e
#AGCA,97,GPS,UNKNOWN,1,9493000,18975,0,18,7;37,47,37,-1,-1,34,42,54,-1,-1*c2b25378
$GNRMC,,V,,,,,,,,,,N,V*37
$GNGGA,,,,,,0,,,,,,,,*78
$GPGSA,,1,,,,,,,,,,,,,,,,*73
$GPGSV,1,1,00,,,,,*55
$GPGST,,,,,,,,*57
#PPPNAVA,97,GPS,UNKNOWN,1,9494000,18975,0,18,2;INSUFFICIENT_OBS,NONE,0.00000000000,0.00000000000,-17.0000,17.0000,ERROR,0.0000,0.0000,0.0000,"",0.000,0.000,0,0,0,0,0,00,00,00*9556f7ce
$GPHDT,,T*1B
#UNIHEADINGA,97,GPS,UNKNOWN,1,9494000,18975,0,18,4;INSUFFICIENT_OBS,NONE,0.0000,0.0000,0.0000,0.0000,0.0000,0.0000,"",0,0,0,0,0,00,0,0*7391a141
#AGCA,97,GPS,UNKNOWN,1,9494000,18975,0,18,7;37,46,38,-1,-1,35,44,54,-1,-1*ae35448e
$GNRMC,,V,,,,,,,,,,N,V*37
$GNGGA,,,,,,0,,,,,,,,*78
$GPGSA,,1,,,,,,,,,,,,,,,,*73
$GPGSV,1,1,00,,,,,*55
$GPGST,,,,,,,,*57
#PPPNAVA,97,GPS,UNKNOWN,1,9495000,18975,0,18,2;INSUFFICIENT_OBS,NONE,0.00000000000,0.00000000000,-17.0000,17.0000,ERROR,0.0000,0.0000,0.0000,"",0.000,0.000,0,0,0,0,0,00,00,00*cd180cd3
$GPHDT,,T*1B
#UNIHEADINGA,97,GPS,UNKNOWN,1,9495000,18975,0,18,4;INSUFFICIENT_OBS,NONE,0.0000,0.0000,0.0000,0.0000,0.0000,0.0000,"",0,0,0,0,0,00,0,0*fd5ad17e
#AGCA,97,GPS,UNKNOWN,1,9495000,18975,0,18,7;37,46,38,-1,-1,35,44,54,-1,-1*c74c4feb
$GNRMC,,V,,,,,,,,,,N,V*37
$GNGGA,,,,,,0,,,,,,,,*78
$GPGSA,,1,,,,,,,,,,,,,,,,*73
$GPGSV,1,1,00,,,,,*55
$GPGST,,,,,,,,*57
#PPPNAVA,97,GPS,UNKNOWN,1,9496000,18975,0,18,2;INSUFFICIENT_OBS,NONE,0.00000000000,0.00000000000,-17.0000,17.0000,ERROR,0.0000,0.0000,0.0000,"",0.000,0.000,0,0,0,0,0,00,00,00*25cb01f4
$GPHDT,,T*1B
#UNIHEADINGA,97,GPS,UNKNOWN,1,9496000,18975,0,18,4;INSUFFICIENT_OBS,NONE,0.0000,0.0000,0.0000,0.0000,0.0000,0.0000,"",0,0,0,0,0,00,0,0*b576477e
#AGCA,97,GPS,UNKNOWN,1,9496000,18975,0,18,7;36,45,38,-1,-1,34,43,54,-1,-1*77d5dbf6
$GNRMC,,V,,,,,,,,,,N,V*37
$GNGGA,,,,,,0,,,,,,,,*78
$GPGSA,,1,,,,,,,,,,,,,,,,*73
$GPGSV,1,1,00,,,,,*55
$GPGST,,,,,,,,*57
#PPPNAVA,97,GPS,UNKNOWN,1,9497000,18975,0,18,2;INSUFFICIENT_OBS,NONE,0.00000000000,0.00000000000,-17.0000,17.0000,ERROR,0.0000,0.0000,0.0000,"",0.000,0.000,0,0,0,0,0,00,00,00*7d85fae9
$GPHDT,,T*1B
#UNIHEADINGA,97,GPS,UNKNOWN,1,9497000,18975,0,18,4;INSUFFICIENT_OBS,NONE,0.0000,0.0000,0.0000,0.0000,0.0000,0.0000,"",0,0,0,0,0,00,0,0*3bbd3741
#AGCA,97,GPS,UNKNOWN,1,9497000,18975,0,18,7;37,46,38,-1,-1,35,44,54,-1,-1*15be5921
$GNRMC,,V,,,,,,,,,,N,V*37
$GNGGA,,,,,,0,,,,,,,,*78
$GPGSA,,1,,,,,,,,,,,,,,,,*73
$GPGSV,1,1,00,,,,,*55
$GPGST,,,,,,,,*57
#PPPNAVA,97,GPS,UNKNOWN,1,9498000,18975,0,18,2;INSUFFICIENT_OBS,NONE,0.00000000000,0.00000000000,-17.0000,17.0000,ERROR,0.0000,0.0000,0.0000,"",0.000,0.000,0,0,0,0,0,00,00,00*80f8cfd0
$GPHDT,,T*1B
#UNIHEADINGA,97,GPS,UNKNOWN,1,9498000,18975,0,18,4;INSUFFICIENT_OBS,NONE,0.0000,0.0000,0.0000,0.0000,0.0000,0.0000,"",0,0,0,0,0,00,0,0*8852ff00
#AGCA,97,GPS,UNKNOWN,1,9498000,18975,0,18,7;37,46,37,-1,-1,35,44,53,-1,-1*34b71e3f
$GNRMC,,V,,,,,,,,,,N,V*37
$GNGGA,,,,,,0,,,,,,,,*78
$GPGSA,,1,,,,,,,,,,,,,,,,*73
$GPGSV,1,1,00,,,,,*55
$GPGST,,,,,,,,*57
#PPPNAVA,97,GPS,UNKNOWN,1,9499000,18975,0,18,2;INSUFFICIENT_OBS,NONE,0.00000000000,0.00000000000,-17.0000,17.0000,ERROR,0.0000,0.0000,0.0000,"",0.000,0.000,0,0,0,0,0,00,00,00*d8b634cd
$GPHDT,,T*1B
#UNIHEADINGA,97,GPS,UNKNOWN,1,9499000,18975,0,18,4;INSUFFICIENT_OBS,NONE,0.0000,0.0000,0.0000,0.0000,0.0000,0.0000,"",0,0,0,0,0,00,0,0*06998f3f
#AGCA,97,GPS,UNKNOWN,1,9499000,18975,0,18,7;37,45,37,-1,-1,35,45,54,-1,-1*4246f6b9
$GNRMC,,V,,,,,,,,,,N,V*37
$GNGGA,,,,,,0,,,,,,,,*78
$GPGSA,,1,,,,,,,,,,,,,,,,*73
$GPGSV,1,1,00,,,,,*55
$GPGST,,,,,,,,*57
#PPPNAVA,97,GPS,UNKNOWN,1,9500000,18975,0,18,2;INSUFFICIENT_OBS,NONE,0.00000000000,0.00000000000,-17.0000,17.0000,ERROR,0.0000,0.0000,0.0000,"",0.000,0.000,0,0,0,0,0,00,00,00*35523d8d
$GPHDT,,T*1B
#UNIHEADINGA,97,GPS,UNKNOWN,1,9500000,18975,0,18,4;INSUFFICIENT_OBS,NONE,0.0000,0.0000,0.0000,0.0000,0.0000,0.0000,"",0,0,0,0,0,00,0,0*2c0c7957
#AGCA,97,GPS,UNKNOWN,1,9500000,18975,0,18,7;37,45,38,-1,-1,35,44,54,-1,-1*615a7a66
$GNRMC,,V,,,,,,,,,,N,V*37
$GNGGA,,,,,,0,,,,,,,,*78
$GPGSA,,1,,,,,,,,,,,,,,,,*73
$GPGSV,1,1,00,,,,,*55
$GPGST,,,,,,,,*57
#PPPNAVA,97,GPS,UNKNOWN,1,9501000,18975,0,18,3;INSUFFICIENT_OBS,NONE,0.00000000000,0.00000000000,-17.0000,17.0000,ERROR,0.0000,0.0000,0.0000,"",0.000,0.000,0,0,0,0,0,00,00,00*d2ff5873
$GPHDT,,T*1B
#UNIHEADINGA,97,GPS,UNKNOWN,1,9501000,18975,0,18,4;INSUFFICIENT_OBS,NONE,0.0000,0.0000,0.0000,0.0000,0.0000,0.0000,"",0,0,0,0,0,00,0,0*a2c70968
#AGCA,97,GPS,UNKNOWN,1,9501000,18975,0,18,7;37,45,38,-1,-1,35,45,54,-1,-1*e7e11a3d
$GNRMC,,V,,,,,,,,,,N,V*37
$GNGGA,,,,,,0,,,,,,,,*78
$GPGSA,,1,,,,,,,,,,,,,,,,*73
$GPGSV,1,1,00,,,,,*55
$GPGST,,,,,,,,*57
#PPPNAVA,97,GPS,UNKNOWN,1,9502000,18975,0,18,2;INSUFFICIENT_OBS,NONE,0.00000000000,0.00000000000,-17.0000,17.0000,ERROR,0.0000,0.0000,0.0000,"",0.000,0.000,0,0,0,0,0,00,00,00*85cfcbb7
$GPHDT,,T*1B
#UNIHEADINGA,97,GPS,UNKNOWN,1,9502000,18975,0,18,4;INSUFFICIENT_OBS,NONE,0.0000,0.0000,0.0000,0.0000,0.0000,0.0000,"",0,0,0,0,0,00,0,0*eaeb9f68
#AGCA,97,GPS,UNKNOWN,1,9502000,18975,0,18,7;37,44,38,-1,-1,35,44,54,-1,-1*1623fca2
$GNRMC,,V,,,,,,,,,,N,V*37
$GNGGA,,,,,,0,,,,,,,,*78
$GPGSA,,1,,,,,,,,,,,,,,,,*73
$GPGSV,1,1,00,,,,,*55
$GPGST,,,,,,,,*57
#PPPNAVA,97,GPS,UNKNOWN,1,9503000,18975,0,18,2;INSUFFICIENT_OBS,NONE,0.00000000000,0.00000000000,-17.0000,17.0000,ERROR,0.0000,0.0000,0.0000,"",0.000,0.000,0,0,0,0,0,00,00,00*dd8130aa
$GPHDT,,T*1B
#UNIHEADINGA,97,GPS,UNKNOWN,1,9503000,18975,0,18,4;INSUFFICIENT_OBS,NONE,0.0000,0.0000,0.0000,0.0000,0.0000,0.0000,"",0,0,0,0,0,00,0,0*6420ef57
#AGCA,97,GPS,UNKNOWN,1,9503000,18975,0,18,7;36,46,38,-1,-1,35,43,54,-1,-1*0c5537fe
$GNRMC,,V,,,,,,,,,,N,V*37
$GNGGA,,,,,,0,,,,,,,,*78
$GPGSA,,1,,,,,,,,,,,,,,,,*73
$GPGSV,1,1,00,,,,,*55
$GPGST,,,,,,,,*57
#PPPNAVA,97,GPS,UNKNOWN,1,9504000,18975,0,18,2;INSUFFICIENT_OBS,NONE,0.00000000000,0.00000000000,-17.0000,17.0000,ERROR,0.0000,0.0000,0.0000,"",0.000,0.000,0,0,0,0,0,00,00,00*8f18d7b8
$GPHDT,,T*1B
#UNIHEADINGA,97,GPS,UNKNOWN,1,9504000,18975,0,18,4;INSUFFICIENT_OBS,NONE,0.0000,0.0000,0.0000,0.0000,0.0000,0.0000,"",0,0,0,0,0,00,0,0*7ab2b368
#AGCA,97,GPS,UNKNOWN,1,9504000,18975,0,18,7;37,46,37,-1,-1,35,44,54,-1,-1*f6b8ffa0
$GNRMC,,V,,,,,,,,,,N,V*37
$GNGGA,,,,,,0,,,,,,,,*78
$GPGSA,,1,,,,,,,,,,,,,,,,*73
$GPGSV,1,1,00,,,,,*55
$GPGST,,,,,,,,*57
#PPPNAVA,97,GPS,UNKNOWN,1,9505000,18975,0,18,2;INSUFFICIENT_OBS,NONE,0.00000000000,0.00000000000,-17.0000,17.0000,ERROR,0.0000,0.0000,0.0000,"",0.000,0.000,0,0,0,0,0,00,00,00*d7562ca5
$GPHDT,,T*1B
#UNIHEADINGA,97,GPS,UNKNOWN,1,9505000,18975,0,18,4;INSUFFICIENT_OBS,NONE,0.0000,0.0000,0.0000,0.0000,0.0000,0.0000,"",0,0,0,0,0,00,0,0*f479c357
#AGCA,97,GPS,UNKNOWN,1,9505000,18975,0,18,7;37,46,38,-1,-1,35,44,54,-1,-1*435bec85
$GNRMC,,V,,,,,,,,,,N,V*37
$GNGGA,,,,,,0,,,,,,,,*78
$GPGSA,,1,,,,,,,,,,,,,,,,*73
$GPGSV,1,1,00,,,,,*55
$GPGST,,,,,,,,*57
#PPPNAVA,97,GPS,UNKNOWN,1,9506000,18975,0,18,2;INSUFFICIENT_OBS,NONE,0.00000000000,0.00000000000,-17.0000,17.0000,ERROR,0.0000,0.0000,0.0000,"",0.000,0.000,0,0,0,0,0,00,00,00*3f852182
$GPHDT,,T*1B
#UNIHEADINGA,97,GPS,UNKNOWN,1,9506000,18975,0,18,4;INSUFFICIENT_OBS,NONE,0.0000,0.0000,0.0000,0.0000,0.0000,0.0000,"",0,0,0,0,0,00,0,0*bc555557
#AGCA,97,GPS,UNKNOWN,1,9506000,18975,0,18,7;37,46,38,-1,-1,35,45,54,-1,-1*17129a14
$GNRMC,,V,,,,,,,,,,N,V*37
$GNGGA,,,,,,0,,,,,,,,*78
$GPGSA,,1,,,,,,,,,,,,,,,,*73
$GPGSV,1,1,00,,,,,*55
$GPGST,,,,,,,,*57
#PPPNAVA,97,GPS,UNKNOWN,1,9507000,18975,0,18,2;INSUFFICIENT_OBS,NONE,0.00000000000,0.00000000000,-17.0000,17.0000,ERROR,0.0000,0.0000,0.0000,"",0.000,0.000,0,0,0,0,0,00,00,00*67cbda9f
$GPHDT,,T*1B
#UNIHEADINGA,97,GPS,UNKNOWN,1,9507000,18975,0,18,4;INSUFFICIENT_OBS,NONE,0.0000,0.0000,0.0000,0.0000,0.0000,0.0000,"",0,0,0,0,0,00,0,0*329e2568
#AGCA,97,GPS,UNKNOWN,1,9507000,18975,0,18,7;37,45,38,-1,-1,35,43,54,-1,-1*46985765
$GNRMC,,V,,,,,,,,,,N,V*37
$GNGGA,,,,,,0,,,,,,,,*78
$GPGSA,,1,,,,,,,,,,,,,,,,*73
$GPGSV,1,1,00,,,,,*55
$GPGST,,,,,,,,*57
#PPPNAVA,97,GPS,UNKNOWN,1,9508000,18975,0,18,2;INSUFFICIENT_OBS,NONE,0.00000000000,0.00000000000,-17.0000,17.0000,ERROR,0.0000,0.0000,0.0000,"",0.000,0.000,0,0,0,0,0,00,00,00*9ab6efa6
$GPHDT,,T*1B
#UNIHEADINGA,97,GPS,UNKNOWN,1,9508000,18975,0,18,4;INSUFFICIENT_OBS,NONE,0.0000,0.0000,0.0000,0.0000,0.0000,0.0000,"",0,0,0,0,0,00,0,0*8171ed29
#AGCA,97,GPS,UNKNOWN,1,9508000,18975,0,18,7;37,46,38,-1,-1,35,44,54,-1,-1*a99d9b9f
$GNRMC,,V,,,,,,,,,,N,V*37
$GNGGA,,,,,,0,,,,,,,,*78
$GPGSA,,1,,,,,,,,,,,,,,,,*73
$GPGSV,1,1,00,,,,,*55
$GPGST,,,,,,,,*57
#PPPNAVA,97,GPS,UNKNOWN,1,9509000,18975,0,18,2;INSUFFICIENT_OBS,NONE,0.00000000000,0.00000000000,-17.0000,17.0000,ERROR,0.0000,0.0000,0.0000,"",0.000,0.000,0,0,0,0,0,00,00,00*c2f814bb
$GPHDT,,T*1B
#UNIHEADINGA,97,GPS,UNKNOWN,1,9509000,18975,0,18,4;INSUFFICIENT_OBS,NONE,0.0000,0.0000,0.0000,0.0000,0.0000,0.0000,"",0,0,0,0,0,00,0,0*0fba9d16
#AGCA,97,GPS,UNKNOWN,1,9509000,18975,0,18,7;37,48,37,-1,-1,35,44,54,-1,-1*5bae77ab
$GNRMC,,V,,,,,,,,,,N,V*37
$GNGGA,,,,,,0,,,,,,,,*78
$GPGSA,,1,,,,,,,,,,,,,,,,*73
$GPGSV,1,1,00,,,,,*55
$GPGST,,,,,,,,*57
#PPPNAVA,97,GPS,UNKNOWN,1,9510000,18975,0,18,2;INSUFFICIENT_OBS,NONE,0.00000000000,0.00000000000,-17.0000,17.0000,ERROR,0.0000,0.0000,0.0000,"",0.000,0.000,0,0,0,0,0,00,00,00*560c1faf
$GPHDT,,T*1B
#UNIHEADINGA,97,GPS,UNKNOWN,1,9510000,18975,0,18,4;INSUFFICIENT_OBS,NONE,0.0000,0.0000,0.0000,0.0000,0.0000,0.0000,"",0,0,0,0,0,00,0,0*9ae49f1a
#AGCA,97,GPS,UNKNOWN,1,9510000,18975,0,18,7;37,45,38,-1,-1,35,43,54,-1,-1*be378dc3
$GNRMC,,V,,,,,,,,,,N,V*37
$GNGGA,,,,,,0,,,,,,,,*78
$GPGSA,,1,,,,,,,,,,,,,,,,*73
$GPGSV,1,1,00,,,,,*55
$GPGST,,,,,,,,*57
#PPPNAVA,97,GPS,UNKNOWN,1,9511000,18975,0,18,2;INSUFFICIENT_OBS,NONE,0.00000000000,0.00000000000,-17.0000,17.0000,ERROR,0.0000,0.0000,0.0000,"",0.000,0.000,0,0,0,0,0,00,00,00*0e42e4b2
$GPHDT,,T*1B
#UNIHEADINGA,97,GPS,UNKNOWN,1,9511000,18975,0,18,4;INSUFFICIENT_OBS,NONE,0.0000,0.0000,0.0000,0.0000,0.0000,0.0000,"",0,0,0,0,0,00,0,0*142fef25
#AGCA,97,GPS,UNKNOWN,1,9511000,18975,0,18,7;37,46,38,-1,-1,34,43,54,-1,-1*3f35e970
$GNRMC,,V,,,,,,,,,,N,V*37
$GNGGA,,,,,,0,,,,,,,,*78
$GPGSA,,1,,,,,,,,,,,,,,,,*73
$GPGSV,1,1,00,,,,,*55
$GPGST,,,,,,,,*57
#PPPNAVA,97,GPS,UNKNOWN,1,9512000,18975,0,18,2;INSUFFICIENT_OBS,NONE,0.00000000000,0.00000000000,-17.0000,17.0000,ERROR,0.0000,0.0000,0.0000,"",0.000,0.000,0,0,0,0,0,00,00,00*e691e995
$GPHDT,,T*1B
#UNIHEADINGA,97,GPS,UNKNOWN,1,9512000,18975,0,18,4;INSUFFICIENT_OBS,NONE,0.0000,0.0000,0.0000,0.0000,0.0000,0.0000,"",0,0,0,0,0,00,0,0*5c037925
#AGCA,97,GPS,UNKNOWN,1,9512000,18975,0,18,7;37,46,38,-1,-1,35,45,54,-1,-1*54365d1d
$GNRMC,,V,,,,,,,,,,N,V*37
$GNGGA,,,,,,0,,,,,,,,*78
$GPGSA,,1,,,,,,,,,,,,,,,,*73
$GPGSV,1,1,00,,,,,*55
$GPGST,,,,,,,,*57
#PPPNAVA,97,GPS,UNKNOWN,1,9513000,18975,0,18,2;INSUFFICIENT_OBS,NONE,0.00000000000,0.00000000000,-17.0000,17.0000,ERROR,0.0000,0.0000,0.0000,"",0.000,0.000,0,0,0,0,0,00,00,00*bedf1288
$GPHDT,,T*1B
#UNIHEADINGA,97,GPS,UNKNOWN,1,9513000,18975,0,18,4;INSUFFICIENT_OBS,NONE,0.0000,0.0000,0.0000,0.0000,0.0000,0.0000,"",0,0,0,0,0,00,0,0*d2c8091a
#AGCA,97,GPS,UNKNOWN,1,9513000,18975,0,18,7;37,47,37,-1,-1,35,43,54,-1,-1*4940ae71
$GNRMC,,V,,,,,,,,,,N,V*37
$GNGGA,,,,,,0,,,,,,,,*78
$GPGSA,,1,,,,,,,,,,,,,,,,*73
$GPGSV,1,1,00,,,,,*55
$GPGST,,,,,,,,*57
#PPPNAVA,97,GPS,UNKNOWN,1,9514000,18975,0,18,2;INSUFFICIENT_OBS,NONE,0.00000000000,0.00000000000,-17.0000,17.0000,ERROR,0.0000,0.0000,0.0000,"",0.000,0.000,0,0,0,0,0,00,00,00*ec46f59a
$GPHDT,,T*1B
#UNIHEADINGA,97,GPS,UNKNOWN,1,9514000,18975,0,18,4;INSUFFICIENT_OBS,NONE,0.0000,0.0000,0.0000,0.0000,0.0000,0.0000,"",0,0,0,0,0,00,0,0*cc5a5525
#AGCA,97,GPS,UNKNOWN,1,9514000,18975,0,18,7;37,47,38,-1,-1,35,44,53,-1,-1*77bfa5bc
$GNRMC,,V,,,,,,,,,,N,V*37
$GNGGA,,,,,,0,,,,,,,,*78
$GPGSA,,1,,,,,,,,,,,,,,,,*73
$GPGSV,1,1,00,,,,,*55
$GPGST,,,,,,,,*57
#PPPNAVA,97,GPS,UNKNOWN,1,9515000,18975,0,18,2;INSUFFICIENT_OBS,NONE,0.00000000000,0.00000000000,-17.0000,17.0000,ERROR,0.0000,0.0000,0.0000,"",0.000,0.000,0,0,0,0,0,00,00,00*b4080e87
$GPHDT,,T*1B
#UNIHEADINGA,97,GPS,UNKNOWN,1,9515000,18975,0,18,4;INSUFFICIENT_OBS,NONE,0.0000,0.0000,0.0000,0.0000,0.0000,0.0000,"",0,0,0,0,0,00,0,0*4291251a
#AGCA,97,GPS,UNKNOWN,1,9515000,18975,0,18,7;37,45,37,-1,-1,35,44,54,-1,-1*979dae4a
$GNRMC,,V,,,,,,,,,,N,V*37
$GNGGA,,,,,,0,,,,,,,,*78
$GPGSA,,1,,,,,,,,,,,,,,,,*73
$GPGSV,1,1,00,,,,,*55
$GPGST,,,,,,,,*57
#PPPNAVA,97,GPS,UNKNOWN,1,9516000,18975,0,18,2;INSUFFICIENT_OBS,NONE,0.00000000000,0.00000000000,-17.0000,17.0000,ERROR,0.0000,0.0000,0.0000,"",0.000,0.000,0,0,0,0,0,00,00,00*5cdb03a0
$GPHDT,,T*1B
#UNIHEADINGA,97,GPS,UNKNOWN,1,9516000,18975,0,18,4;INSUFFICIENT_OBS,NONE,0.0000,0.0000,0.0000,0.0000,0.0000,0.0000,"",0,0,0,0,0,00,0,0*0abdb31a
#AGCA,97,GPS,UNKNOWN,1,9516000,18975,0,18,7;37,46,38,-1,-1,35,43,54,-1,-1*27bd068f
$GNRMC,,V,,,,,,,,,,N,V*37
$GNGGA,,,,,,0,,,,,,,,*78
$GPGSA,,1,,,,,,,,,,,,,,,,*73
$GPGSV,1,1,00,,,,,*55
$GPGST,,,,,,,,*57
#PPPNAVA,97,GPS,UNKNOWN,1,9517000,18975,0,18,2;INSUFFICIENT_OBS,NONE,0.00000000000,0.00000000000,-17.0000,17.0000,ERROR,0.0000,0.0000,0.0000,"",0.000,0.000,0,0,0,0,0,00,00,00*0495f8bd
$GPHDT,,T*1B
#UNIHEADINGA,97,GPS,UNKNOWN,1,9517000,18975,0,18,4;INSUFFICIENT_OBS,NONE,0.0000,0.0000,0.0000,0.0000,0.0000,0.0000,"",0,0,0,0,0,00,0,0*8476c325
#AGCA,97,GPS,UNKNOWN,1,9517000,18975,0,18,7;37,47,38,-1,-1,35,43,54,-1,-1*eb4f9de4
$GNRMC,,V,,,,,,,,,,N,V*37
$GNGGA,,,,,,0,,,,,,,,*78
$GPGSA,,1,,,,,,,,,,,,,,,,*73
$GPGSV,1,1,00,,,,,*55
$GPGST,,,,,,,,*57
#PPPNAVA,97,GPS,UNKNOWN,1,9518000,18975,0,18,2;INSUFFICIENT_OBS,NONE,0.00000000000,0.00000000000,-17.0000,17.0000,ERROR,0.0000,0.0000,0.0000,"",0.000,0.000,0,0,0,0,0,00,00,00*f9e8cd84
$GPHDT,,T*1B
#UNIHEADINGA,97,GPS,UNKNOWN,1,9518000,18975,0,18,4;INSUFFICIENT_OBS,NONE,0.0000,0.0000,0.0000,0.0000,0.0000,0.0000,"",0,0,0,0,0,00,0,0*37990b64
#AGCA,97,GPS,UNKNOWN,1,9518000,18975,0,18,7;37,46,38,-1,-1,35,42,54,-1,-1*99320704
$GNRMC,,V,,,,,,,,,,N,V*37
$GNGGA,,,,,,0,,,,,,,,*78
$GPGSA,,1,,,,,,,,,,,,,,,,*73
$GPGSV,1,1,00,,,,,*55
$GPGST,,,,,,,,*57
#PPPNAVA,97,GPS,UNKNOWN,1,9519000,18975,0,18,2;INSUFFICIENT_OBS,NONE,0.00000000000,0.00000000000,-17.0000,17.0000,ERROR,0.0000,0.0000,0.0000,"",0.000,0.000,0,0,0,0,0,00,00,00*a1a63699
$GPHDT,,T*1B
#UNIHEADINGA,97,GPS,UNKNOWN,1,9519000,18975,0,18,4;INSUFFICIENT_OBS,NONE,0.0000,0.0000,0.0000,0.0000,0.0000,0.0000,"",0,0,0,0,0,00,0,0*b9527b5b
#AGCA,97,GPS,UNKNOWN,1,9519000,18975,0,18,7;37,46,38,-1,-1,35,43,54,-1,-1*1f89675f
$GNRMC,,V,,,,,,,,,,N,V*37
$GNGGA,,,,,,0,,,,,,,,*78
$GPGSA,,1,,,,,,,,,,,,,,,,*73
$GPGSV,1,1,00,,,,,*55
$GPGST,,,,,,,,*57
#PPPNAVA,97,GPS,UNKNOWN,1,9520000,18975,0,18,2;INSUFFICIENT_OBS,NONE,0.00000000000,0.00000000000,-17.0000,17.0000,ERROR,0.0000,0.0000,0.0000,"",0.000,0.000,0,0,0,0,0,00,00,00*f3ee79c9
$GPHDT,,T*1B
#UNIHEADINGA,97,GPS,UNKNOWN,1,9520000,18975,0,18,4;INSUFFICIENT_OBS,NONE,0.0000,0.0000,0.0000,0.0000,0.0000,0.0000,"",0,0,0,0,0,00,0,0*9aacb38c
#AGCA,97,GPS,UNKNOWN,1,9520000,18975,0,18,7;37,46,38,-1,-1,35,43,54,-1,-1*cd080ef4
$GNRMC,,V,,,,,,,,,,N,V*37
$GNGGA,,,,,,0,,,,,,,,*78
$GPGSA,,1,,,,,,,,,,,,,,,,*73
$GPGSV,1,1,00,,,,,*55
$GPGST,,,,,,,,*57
#PPPNAVA,97,GPS,UNKNOWN,1,9521000,18975,0,18,2;INSUFFICIENT_OBS,NONE,0.00000000000,0.00000000000,-17.0000,17.0000,ERROR,0.0000,0.0000,0.0000,"",0.000,0.000,0,0,0,0,0,00,00,00*aba082d4
$GPHDT,,T*1B
#UNIHEADINGA,97,GPS,UNKNOWN,1,9521000,18975,0,18,4;INSUFFICIENT_OBS,NONE,0.0000,0.0000,0.0000,0.0000,0.0000,0.0000,"",0,0,0,0,0,00,0,0*1467c3b3
#AGCA,97,GPS,UNKNOWN,1,9521000,18975,0,18,7;37,49,37,-1,-1,35,43,54,-1,-1*9ab072ce
$GNRMC,,V,,,,,,,,,,N,V*37
$GNGGA,,,,,,0,,,,,,,,*78
$GPGSA,,1,,,,,,,,,,,,,,,,*73
$GPGSV,1,1,00,,,,,*55
$GPGST,,,,,,,,*57
#PPPNAVA,97,GPS,UNKNOWN,1,9522000,18975,0,18,2;INSUFFICIENT_OBS,NONE,0.00000000000,0.00000000000,-17.0000,17.0000,ERROR,0.0000,0.0000,0.0000,"",0.000,0.000,0,0,0,0,0,00,00,00*43738ff3
$GPHDT,,T*1B
#UNIHEADINGA,97,GPS,UNKNOWN,1,9522000,18975,0,18,4;INSUFFICIENT_OBS,NONE,0.0000,0.0000,0.0000,0.0000,0.0000,0.0000,"",0,0,0,0,0,00,0,0*5c4b55b3
#AGCA,97,GPS,UNKNOWN,1,9522000,18975,0,18,7;37,45,38,-1,-1,35,43,54,-1,-1*2a17ae6d
$GNRMC,,V,,,,,,,,,,N,V*37
$GNGGA,,,,,,0,,,,,,,,*78
$GPGSA,,1,,,,,,,,,,,,,,,,*73
$GPGSV,1,1,00,,,,,*55
$GPGST,,,,,,,,*57
#PPPNAVA,97,GPS,UNKNOWN,1,9523000,18975,0,18,2;INSUFFICIENT_OBS,NONE,0.00000000000,0.00000000000,-17.0000,17.0000,ERROR,0.0000,0.0000,0.0000,"",0.000,0.000,0,0,0,0,0,00,00,00*1b3d74ee
$GPHDT,,T*1B
#UNIHEADINGA,97,GPS,UNKNOWN,1,9523000,18975,0,18,4;INSUFFICIENT_OBS,NONE,0.0000,0.0000,0.0000,0.0000,0.0000,0.0000,"",0,0,0,0,0,00,0,0*d280258c
#AGCA,97,GPS,UNKNOWN,1,9523000,18975,0,18,7;37,46,37,-1,-1,35,42,54,-1,-1*45db6025
$GNRMC,,V,,,,,,,,,,N,V*37
$GNGGA,,,,,,0,,,,,,,,*78
$GPGSA,,1,,,,,,,,,,,,,,,,*73
$GPGSV,1,1,00,,,,,*55
$GPGST,,,,,,,,*57
#PPPNAVA,97,GPS,UNKNOWN,1,9524000,18975,0,18,2;INSUFFICIENT_OBS,NONE,0.00000000000,0.00000000000,-17.0000,17.0000,ERROR,0.0000,0.0000,0.0000,"",0.000,0.000,0,0,0,0,0,00,00,00*49a493fc
$GPHDT,,T*1B
#UNIHEADINGA,97,GPS,UNKNOWN,1,9524000,18975,0,18,4;INSUFFICIENT_OBS,NONE,0.0000,0.0000,0.0000,0.0000,0.0000,0.0000,"",0,0,0,0,0,00,0,0*cc1279b3
#AGCA,97,GPS,UNKNOWN,1,9524000,18975,0,18,7;37,45,38,-1,-1,35,45,54,-1,-1*8b6ee335
$GNRMC,,V,,,,,,,,,,N,V*37
$GNGGA,,,,,,0,,,,,,,,*78
$GPGSA,,1,,,,,,,,,,,,,,,,*73
$GPGSV,1,1,00,,,,,*55
$GPGST,,,,,,,,*57
#PPPNAVA,97,GPS,UNKNOWN,1,9525000,18975,0,18,2;INSUFFICIENT_OBS,NONE,0.00000000000,0.00000000000,-17.0000,17.0000,ERROR,0.0000,0.0000,0.0000,"",0.000,0.000,0,0,0,0,0,00,00,00*11ea68e1
$GPHDT,,T*1B
#UNIHEADINGA,97,GPS,UNKNOWN,1,9525000,18975,0,18,4;INSUFFICIENT_OBS,NONE,0.0000,0.0000,0.0000,0.0000,0.0000,0.0000,"",0,0,0,0,0,00,0,0*42d9098c
#AGCA,97,GPS,UNKNOWN,1,9525000,18975,0,18,7;37,47,38,-1,-1,35,44,54,-1,-1*9db3a533
$GNRMC,,V,,,,,,,,,,N,V*37
$GNGGA,,,,,,0,,,,,,,,*78
$GPGSA,,1,,,,,,,,,,,,,,,,*73
$GPGSV,1,1,00,,,,,*55
$GPGST,,,,,,,,*57
#PPPNAVA,97,GPS,UNKNOWN,1,9526000,18975,0,18,2;INSUFFICIENT_OBS,NONE,0.00000000000,0.00000000000,-17.0000,17.0000,ERROR,0.0000,0.0000,0.0000,"",0.000,0.000,0,0,0,0,0,00,00,00*f93965c6
$GPHDT,,T*1B
#UNIHEADINGA,97,GPS,UNKNOWN,1,9526000,18975,0,18,4;INSUFFICIENT_OBS,NONE,0.0000,0.0000,0.0000,0.0000,0.0000,0.0000,"",0,0,0,0,0,00,0,0*0af59f8c
#AGCA,97,GPS,UNKNOWN,1,9526000,18975,0,18,7;37,45,38,-1,-1,35,45,54,-1,-1*599cf5ff
$GNRMC,,V,,,,,,,,,,N,V*37
$GNGGA,,,,,,0,,,,,,,,*78
$GPGSA,,1,,,,,,,,,,,,,,,,*73
$GPGSV,1,1,00,,,,,*55
$GPGST,,,,,,,,*57
#PPPNAVA,97,GPS,UNKNOWN,1,9527000,18975,0,18,2;INSUFFICIENT_OBS,NONE,0.00000000000,0.00000000000,-17.0000,17.0000,ERROR,0.0000,0.0000,0.0000,"",0.000,0.000,0,0,0,0,0,00,00,00*a1779edb
$GPHDT,,T*1B
#UNIHEADINGA,97,GPS,UNKNOWN,1,9527000,18975,0,18,4;INSUFFICIENT_OBS,NONE,0.0000,0.0000,0.0000,0.0000,0.0000,0.0000,"",0,0,0,0,0,00,0,0*843eefb3
#AGCA,97,GPS,UNKNOWN,1,9527000,18975,0,18,7;37,46,38,-1,-1,35,44,54,-1,-1*eaca23f7
$GNRMC,,V,,,,,,,,,,N,V*37
$GNGGA,,,,,,0,,,,,,,,*78
$GPGSA,,1,,,,,,,,,,,,,,,,*73
$GPGSV,1,1,00,,,,,*55
$GPGST,,,,,,,,*57
#PPPNAVA,97,GPS,UNKNOWN,1,9528000,18975,0,18,2;INSUFFICIENT_OBS,NONE,0.00000000000,0.00000000000,-17.0000,17.0000,ERROR,0.0000,0.0000,0.0000,"",0.000,0.000,0,0,0,0,0,00,00,00*5c0aabe2
$GPHDT,,T*1B
#UNIHEADINGA,97,GPS,UNKNOWN,1,9528000,18975,0,18,4;INSUFFICIENT_OBS,NONE,0.0000,0.0000,0.0000,0.0000,0.0000,0.0000,"",0,0,0,0,0,00,0,0*37d127f2
#AGCA,97,GPS,UNKNOWN,1,9528000,18975,0,18,7;38,46,37,-1,-1,35,43,54,-1,-1*e51e5aa5
$GNRMC,,V,,,,,,,,,,N,V*37
$GNGGA,,,,,,0,,,,,,,,*78
$GPGSA,,1,,,,,,,,,,,,,,,,*73
$GPGSV,1,1,00,,,,,*55
$GPGST,,,,,,,,*57
#PPPNAVA,97,GPS,UNKNOWN,1,9529000,18975,0,18,2;INSUFFICIENT_OBS,NONE,0.00000000000,0.00000000000,-17.0000,17.0000,ERROR,0.0000,0.0000,0.0000,"",0.000,0.000,0,0,0,0,0,00,00,00*044450ff
$GPHDT,,T*1B
#UNIHEADINGA,97,GPS,UNKNOWN,1,9529000,18975,0,18,4;INSUFFICIENT_OBS,NONE,0.0000,0.0000,0.0000,0.0000,0.0000,0.0000,"",0,0,0,0,0,00,0,0*b91a57cd
#AGCA,97,GPS,UNKNOWN,1,9529000,18975,0,18,7;38,47,38,-1,-1,35,44,54,-1,-1*17aac2f7
$GNRMC,,V,,,,,,,,,,N,V*37
$GNGGA,,,,,,0,,,,,,,,*78
$GPGSA,,1,,,,,,,,,,,,,,,,*73
$GPGSV,1,1,00,,,,,*55
$GPGST,,,,,,,,*57
#PPPNAVA,97,GPS,UNKNOWN,1,9530000,18975,0,18,2;INSUFFICIENT_OBS,NONE,0.00000000000,0.00000000000,-17.0000,17.0000,ERROR,0.0000,0.0000,0.0000,"",0.000,0.000,0,0,0,0,0,00,00,00*90b05beb
$GPHDT,,T*1B
#UNIHEADINGA,97,GPS,UNKNOWN,1,9530000,18975,0,18,4;INSUFFICIENT_OBS,NONE,0.0000,0.0000,0.0000,0.0000,0.0000,0.0000,"",0,0,0,0,0,00,0,0*2c4455c1
#AGCA,97,GPS,UNKNOWN,1,9530000,18975,0,18,7;37,46,38,-1,-1,35,44,54,-1,-1*1265f951
$GNRMC,,V,,,,,,,,,,N,V*37
$GNGGA,,,,,,0,,,,,,,,*78
$GPGSA,,1,,,,,,,,,,,,,,,,*73
$GPGSV,1,1,00,,,,,*55
$GPGST,,,,,,,,*57
#PPPNAVA,97,GPS,UNKNOWN,1,9531000,18975,0,18,2;INSUFFICIENT_OBS,NONE,0.00000000000,0.00000000000,-17.0000,17.0000,ERROR,0.0000,0.0000,0.0000,"",0.000,0.000,0,0,0,0,0,00,00,00*c8fea0f6
$GPHDT,,T*1B
#UNIHEADINGA,97,GPS,UNKNOWN,1,9531000,18975,0,18,4;INSUFFICIENT_OBS,NONE,0.0000,0.0000,0.0000,0.0000,0.0000,0.0000,"",0,0,0,0,0,00,0,0*a28f25fe
#AGCA,97,GPS,UNKNOWN,1,9531000,18975,0,18,7;37,46,38,-1,-1,35,43,54,-1,-1*99c0e94d
$GNRMC,,V,,,,,,,,,,N,V*37
$GNGGA,,,,,,0,,,,,,,,*78
$GPGSA,,1,,,,,,,,,,,,,,,,*73
$GPGSV,1,1,00,,,,,*55
$GPGST,,,,,,,,*57
#PPPNAVA,97,GPS,UNKNOWN,1,9532000,18975,0,18,2;INSUFFICIENT_OBS,NONE,0.00000000000,0.00000000000,-17.0000,17.0000,ERROR,0.0000,0.0000,0.0000,"",0.000,0.000,0,0,0,0,0,00,00,00*202dadd1
$GPHDT,,T*1B
#UNIHEADINGA,97,GPS,UNKNOWN,1,9532000,18975,0,18,4;INSUFFICIENT_OBS,NONE,0.0000,0.0000,0.0000,0.0000,0.0000,0.0000,"",0,0,0,0,0,00,0,0*eaa3b3fe
#AGCA,97,GPS,UNKNOWN,1,9532000,18975,0,18,7;36,46,38,-1,-1,35,46,54,-1,-1*c5d7c2bb
$GNRMC,,V,,,,,,,,,,N,V*37
$GNGGA,,,,,,0,,,,,,,,*78
$GPGSA,,1,,,,,,,,,,,,,,,,*73
$GPGSV,1,1,00,,,,,*55
$GPGST,,,,,,,,*57
#PPPNAVA,97,GPS,UNKNOWN,1,9533000,18975,0,18,2;INSUFFICIENT_OBS,NONE,0.00000000000,0.00000000000,-17.0000,17.0000,ERROR,0.0000,0.0000,0.0000,"",0.000,0.000,0,0,0,0,0,00,00,00*786356cc
$GPHDT,,T*1B
#UNIHEADINGA,97,GPS,UNKNOWN,1,9533000,18975,0,18,4;INSUFFICIENT_OBS,NONE,0.0000,0.0000,0.0000,0.0000,0.0000,0.0000,"",0,0,0,0,0,00,0,0*6468c3c1
#AGCA,97,GPS,UNKNOWN,1,9533000,18975,0,18,7;36,45,38,-1,-1,34,43,54,-1,-1*a2fc6d4c
$GNRMC,,V,,,,,,,,,,N,V*37
$GNGGA,,,,,,0,,,,,,,,*78
$GPGSA,,1,,,,,,,,,,,,,,,,*73
$GPGSV,1,1,00,,,,,*55
$GPGST,,,,,,,,*57
#PPPNAVA,97,GPS,UNKNOWN,1,9534000,18975,0,18,2;INSUFFICIENT_OBS,NONE,0.00000000000,0.00000000000,-17.0000,17.0000,ERROR,0.0000,0.0000,0.0000,"",0.000,0.000,0,0,0,0,0,00,00,00*2afab1de
$GPHDT,,T*1B
#UNIHEADINGA,97,GPS,UNKNOWN,1,9534000,18975,0,18,4;INSUFFICIENT_OBS,NONE,0.0000,0.0000,0.0000,0.0000,0.0000,0.0000,"",0,0,0,0,0,00,0,0*7afa9ffe
#AGCA,97,GPS,UNKNOWN,1,9534000,18975,0,18,7;37,46,37,-1,-1,35,45,53,-1,-1*9a0f9f74
$GNRMC,,V,,,,,,,,,,N,V*37
$GNGGA,,,,,,0,,,,,,,,*78
$GPGSA,,1,,,,,,,,,,,,,,,,*73
$GPGSV,1,1,00,,,,,*55
$GPGST,,,,,,,,*57
#PPPNAVA,97,GPS,UNKNOWN,1,9535000,18975,0,18,2;INSUFFICIENT_OBS,NONE,0.00000000000,0.00000000000,-17.0000,17.0000,ERROR,0.0000,0.0000,0.0000,"",0.000,0.000,0,0,0,0,0,00,00,00*72b44ac3
$GPHDT,,T*1B
#UNIHEADINGA,97,GPS,UNKNOWN,1,9535000,18975,0,18,4;INSUFFICIENT_OBS,NONE,0.0000,0.0000,0.0000,0.0000,0.0000,0.0000,"",0,0,0,0,0,00,0,0*f431efc1
#AGCA,97,GPS,UNKNOWN,1,9535000,18975,0,18,7;36,45,38,-1,-1,35,44,54,-1,-1*31d192af
$GNRMC,,V,,,,,,,,,,N,V*37
$GNGGA,,,,,,0,,,,,,,,*78
$GPGSA,,1,,,,,,,,,,,,,,,,*73
$GPGSV,1,1,00,,,,,*55
$GPGST,,,,,,,,*57
#PPPNAVA,97,GPS,UNKNOWN,1,9536000,18975,0,18,2;INSUFFICIENT_OBS,NONE,0.00000000000,0.00000000000,-17.0000,17.0000,ERROR,0.0000,0.0000,0.0000,"",0.000,0.000,0,0,0,0,0,00,00,00*9a6747e4
$GPHDT,,T*1B
#UNIHEADINGA,97,GPS,UNKNOWN,1,9536000,18975,0,18,4;INSUFFICIENT_OBS,NONE,0.0000,0.0000,0.0000,0.0000,0.0000,0.0000,"",0,0,0,0,0,00,0,0*bc1d79c1
#AGCA,97,GPS,UNKNOWN,1,9536000,18975,0,18,7;37,47,38,-1,-1,35,43,54,-1,-1*f9554f39
$GNRMC,,V,,,,,,,,,,N,V*37
$GNGGA,,,,,,0,,,,,,,,*78
$GPGSA,,1,,,,,,,,,,,,,,,,*73
$GPGSV,1,1,00,,,,,*55
$GPGST,,,,,,,,*57
#PPPNAVA,97,GPS,UNKNOWN,1,9537000,18975,0,18,2;INSUFFICIENT_OBS,NONE,0.00000000000,0.00000000000,-17.0000,17.0000,ERROR,0.0000,0.0000,0.0000,"",0.000,0.000,0,0,0,0,0,00,00,00*c229bcf9
$GPHDT,,T*1B
#UNIHEADINGA,97,GPS,UNKNOWN,1,9537000,18975,0,18,4;INSUFFICIENT_OBS,NONE,0.0000,0.0000,0.0000,0.0000,0.0000,0.0000,"",0,0,0,0,0,00,0,0*32d609fe
#AGCA,97,GPS,UNKNOWN,1,9537000,18975,0,18,7;37,46,38,-1,-1,35,44,54,-1,-1*d77bcf2b
$GNRMC,,V,,,,,,,,,,N,V*37
$GNGGA,,,,,,0,,,,,,,,*78
$GPGSA,,1,,,,,,,,,,,,,,,,*73
$GPGSV,1,1,00,,,,,*55
$GPGST,,,,,,,,*57
#PPPNAVA,97,GPS,UNKNOWN,1,9538000,18975,0,18,2;INSUFFICIENT_OBS,NONE,0.00000000000,0.00000000000,-17.0000,17.0000,ERROR,0.0000,0.0000,0.0000,"",0.000,0.000,0,0,0,0,0,00,00,00*3f5489c0
$GPHDT,,T*1B
#UNIHEADINGA,97,GPS,UNKNOWN,1,9538000,18975,0,18,4;INSUFFICIENT_OBS,NONE,0.0000,0.0000,0.0000,0.0000,0.0000,0.0000,"",0,0,0,0,0,00,0,0*8139c1bf
#AGCA,97,GPS,UNKNOWN,1,9538000,18975,0,18,7;37,47,38,-1,-1,35,44,54,-1,-1*4ac43ef5
$GNRMC,,V,,,,,,,,,,N,V*37
$GNGGA,,,,,,0,,,,,,,,*78
$GPGSA,,1,,,,,,,,,,,,,,,,*73
$GPGSV,1,1,00,,,,,*55
$GPGST,,,,,,,,*57
#PPPNAVA,97,GPS,UNKNOWN,1,9539000,18975,0,18,2;INSUFFICIENT_OBS,NONE,0.00000000000,0.00000000000,-17.0000,17.0000,ERROR,0.0000,0.0000,0.0000,"",0.000,0.000,0,0,0,0,0,00,00,00*671a72dd
$GPHDT,,T*1B
#UNIHEADINGA,97,GPS,UNKNOWN,1,9539000,18975,0,18,4;INSUFFICIENT_OBS,NONE,0.0000,0.0000,0.0000,0.0000,0.0000,0.0000,"",0,0,0,0,0,00,0,0*0ff2b180
#AGCA,97,GPS,UNKNOWN,1,9539000,18975,0,18,7;37,47,38,-1,-1,35,44,54,-1,-1*23bd3590
$GNRMC,,V,,,,,,,,,,N,V*37
$GNGGA,,,,,,0,,,,,,,,*78
$GPGSA,,1,,,,,,,,,,,,,,,,*73
$GPGSV,1,1,00,,,,,*55
$GPGST,,,,,,,,*57
#PPPNAVA,97,GPS,UNKNOWN,1,9540000,18975,0,18,2;INSUFFICIENT_OBS,NONE,0.00000000000,0.00000000000,-17.0000,17.0000,ERROR,0.0000,0.0000,0.0000,"",0.000,0.000,0,0,0,0,0,00,00,00*635bb344
$GPHDT,,T*1B
#UNIHEADINGA,97,GPS,UNKNOWN,1,9540000,18975,0,18,4;INSUFFICIENT_OBS,NONE,0.0000,0.0000,0.0000,0.0000,0.0000,0.0000,"",0,0,0,0,0,00,0,0*9a3ceaa0
#AGCA,97,GPS,UNKNOWN,1,9540000,18975,0,18,7;37,46,38,-1,-1,35,46,54,-1,-1*a685af78
$GNRMC,,V,,,,,,,,,,N,V*37
$GNGGA,,,,,,0,,,,,,,,*78
$GPGSA,,1,,,,,,,,,,,,,,,,*73
$GPGSV,1,1,00,,,,,*55
$GPGST,,,,,,,,*57
#PPPNAVA,97,GPS,UNKNOWN,1,9541000,18975,0,18,2;INSUFFICIENT_OBS,NONE,0.00000000000,0.00000000000,-17.0000,17.0000,ERROR,0.0000,0.0000,0.0000,"",0.000,0.000,0,0,0,0,0,00,00,00*3b154859
$GPHDT,,T*1B
#UNIHEADINGA,97,GPS,UNKNOWN,1,9541000,18975,0,18,4;INSUFFICIENT_OBS,NONE,0.0000,0.0000,0.0000,0.0000,0.0000,0.0000,"",0,0,0,0,0,00,0,0*14f79a9f
#AGCA,97,GPS,UNKNOWN,1,9541000,18975,0,18,7;37,47,38,-1,-1,35,43,54,-1,-1*8c5eff57
$GNRMC,,V,,,,,,,,,,N,V*37
$GNGGA,,,,,,0,,,,,,,,*78
$GPGSA,,1,,,,,,,,,,,,,,,,*73
$GPGSV,1,1,00,,,,,*55
$GPGST,,,,,,,,*57
#PPPNAVA,97,GPS,UNKNOWN,1,9542000,18975,0,18,2;INSUFFICIENT_OBS,NONE,0.00000000000,0.00000000000,-17.0000,17.0000,ERROR,0.0000,0.0000,0.0000,"",0.000,0.000,0,0,0,0,0,00,00,00*d3c6457e
$GPHDT,,T*1B
#UNIHEADINGA,97,GPS,UNKNOWN,1,9542000,18975,0,18,4;INSUFFICIENT_OBS,NONE,0.0000,0.0000,0.0000,0.0000,0.0000,0.0000,"",0,0,0,0,0,00,0,0*5cdb0c9f
#AGCA,97,GPS,UNKNOWN,1,9542000,18975,0,18,7;37,46,38,-1,-1,35,42,54,-1,-1*7d9c19c8
$GNRMC,,V,,,,,,,,,,N,V*37
$GNGGA,,,,,,0,,,,,,,,*78
$GPGSA,,1,,,,,,,,,,,,,,,,*73
$GPGSV,1,1,00,,,,,*55
$GPGST,,,,,,,,*57
#PPPNAVA,97,GPS,UNKNOWN,1,9543000,18975,0,18,2;INSUFFICIENT_OBS,NONE,0.00000000000,0.00000000000,-17.0000,17.0000,ERROR,0.0000,0.0000,0.0000,"",0.000,0.000,0,0,0,0,0,00,00,00*8b88be63
$GPHDT,,T*1B
#UNIHEADINGA,97,GPS,UNKNOWN,1,9543000,18975,0,18,4;INSUFFICIENT_OBS,NONE,0.0000,0.0000,0.0000,0.0000,0.0000,0.0000,"",0,0,0,0,0,00,0,0*d2107ca0
#AGCA,97,GPS,UNKNOWN,1,9543000,18975,0,18,7;37,46,38,-1,-1,35,45,54,-1,-1*f63909d4
$GNRMC,,V,,,,,,,,,,N,V*37
$GNGGA,,,,,,0,,,,,,,,*78
$GPGSA,,1,,,,,,,,,,,,,,,,*73
$GPGSV,1,1,00,,,,,*55
$GPGST,,,,,,,,*57
#PPPNAVA,97,GPS,UNKNOWN,1,9544000,18975,0,18,2;INSUFFICIENT_OBS,NONE,0.00000000000,0.00000000000,-17.0000,17.0000,ERROR,0.0000,0.0000,0.0000,"",0.000,0.000,0,0,0,0,0,00,00,00*d9115971
$GPHDT,,T*1B
#UNIHEADINGA,97,GPS,UNKNOWN,1,9544000,18975,0,18,4;INSUFFICIENT_OBS,NONE,0.0000,0.0000,0.0000,0.0000,0.0000,0.0000,"",0,0,0,0,0,00,0,0*cc82209f
#AGCA,97,GPS,UNKNOWN,1,9544000,18975,0,18,7;37,47,38,-1,-1,35,43,54,-1,-1*9bb2dfe7
$GNRMC,,V,,,,,,,,,,N,V*37
$GNGGA,,,,,,0,,,,,,,,*78
$GPGSA,,1,,,,,,,,,,,,,,,,*73
$GPGSV,1,1,00,,,,,*55
$GPGST,,,,,,,,*57
#PPPNAVA,97,GPS,UNKNOWN,1,9545000,18975,0,18,2;INSUFFICIENT_OBS,NONE,0.00000000000,0.00000000000,-17.0000,17.0000,ERROR,0.0000,0.0000,0.0000,"",0.000,0.000,0,0,0,0,0,00,00,00*815fa26c
$GPHDT,,T*1B
#UNIHEADINGA,97,GPS,UNKNOWN,1,9545000,18975,0,18,4;INSUFFICIENT_OBS,NONE,0.0000,0.0000,0.0000,0.0000,0.0000,0.0000,"",0,0,0,0,0,00,0,0*424950a0
#AGCA,97,GPS,UNKNOWN,1,9545000,18975,0,18,7;37,45,38,-1,-1,35,44,54,-1,-1*8071e9a6
$GNRMC,,V,,,,,,,,,,N,V*37
$GNGGA,,,,,,0,,,,,,,,*78
$GPGSA,,1,,,,,,,,,,,,,,,,*73
$GPGSV,1,1,00,,,,,*55
$GPGST,,,,,,,,*57
#PPPNAVA,97,GPS,UNKNOWN,1,9546000,18975,0,18,2;INSUFFICIENT_OBS,NONE,0.00000000000,0.00000000000,-17.0000,17.0000,ERROR,0.0000,0.0000,0.0000,"",0.000,0.000,0,0,0,0,0,00,00,00*698caf4b
$GPHDT,,T*1B
#UNIHEADINGA,97,GPS,UNKNOWN,1,9546000,18975,0,18,4;INSUFFICIENT_OBS,NONE,0.0000,0.0000,0.0000,0.0000,0.0000,0.0000,"",0,0,0,0,0,00,0,0*0a65c6a0
#AGCA,97,GPS,UNKNOWN,1,9546000,18975,0,18,7;37,45,38,-1,-1,35,43,54,-1,-1*d926ef70
$GNRMC,,V,,,,,,,,,,N,V*37
$GNGGA,,,,,,0,,,,,,,,*78
$GPGSA,,1,,,,,,,,,,,,,,,,*73
$GPGSV,1,1,00,,,,,*55
$GPGST,,,,,,,,*57
#PPPNAVA,97,GPS,UNKNOWN,1,9547000,18975,0,18,2;INSUFFICIENT_OBS,NONE,0.00000000000,0.00000000000,-17.0000,17.0000,ERROR,0.0000,0.0000,0.0000,"",0.000,0.000,0,0,0,0,0,00,00,00*31c25456
$GPHDT,,T*1B
#UNIHEADINGA,97,GPS,UNKNOWN,1,9547000,18975,0,18,4;INSUFFICIENT_OBS,NONE,0.0000,0.0000,0.0000,0.0000,0.0000,0.0000,"",0,0,0,0,0,00,0,0*84aeb69f
#AGCA,97,GPS,UNKNOWN,1,9547000,18975,0,18,7;37,46,38,-1,-1,35,43,54,-1,-1*85b25246
$GNRMC,,V,,,,,,,,,,N,V*37
$GNGGA,,,,,,0,,,,,,,,*78
$GPGSA,,1,,,,,,,,,,,,,,,,*73
$GPGSV,1,1,00,,,,,*55
$GPGST,,,,,,,,*57
#PPPNAVA,97,GPS,UNKNOWN,1,9548000,18975,0,18,2;INSUFFICIENT_OBS,NONE,0.00000000000,0.00000000000,-17.0000,17.0000,ERROR,0.0000,0.0000,0.0000,"",0.000,0.000,0,0,0,0,0,00,00,00*ccbf616f
$GPHDT,,T*1B
#UNIHEADINGA,97,GPS,UNKNOWN,1,9548000,18975,0,18,4;INSUFFICIENT_OBS,NONE,0.0000,0.0000,0.0000,0.0000,0.0000,0.0000,"",0,0,0,0,0,00,0,0*37417ede
#AGCA,97,GPS,UNKNOWN,1,9548000,18975,0,18,7;37,46,37,-1,-1,35,43,54,-1,-1*611c2bd6
$GNRMC,,V,,,,,,,,,,N,V*37
$GNGGA,,,,,,0,,,,,,,,*78
$GPGSA,,1,,,,,,,,,,,,,,,,*73
$GPGSV,1,1,00,,,,,*55
$GPGST,,,,,,,,*57
#PPPNAVA,97,GPS,UNKNOWN,1,9549000,18975,0,18,2;INSUFFICIENT_OBS,NONE,0.00000000000,0.00000000000,-17.0000,17.0000,ERROR,0.0000,0.0000,0.0000,"",0.000,0.000,0,0,0,0,0,00,00,00*94f19a72
$GPHDT,,T*1B
#UNIHEADINGA,97,GPS,UNKNOWN,1,9549000,18975,0,18,4;INSUFFICIENT_OBS,NONE,0.0000,0.0000,0.0000,0.0000,0.0000,0.0000,"",0,0,0,0,0,00,0,0*b98a0ee1
#AGCA,97,GPS,UNKNOWN,1,9549000,18975,0,18,7;37,46,38,-1,-1,35,44,54,-1,-1*3623238a
$GNRMC,,V,,,,,,,,,,N,V*37
$GNGGA,,,,,,0,,,,,,,,*78
$GPGSA,,1,,,,,,,,,,,,,,,,*73
$GPGSV,1,1,00,,,,,*55
$GPGST,,,,,,,,*57
#PPPNAVA,97,GPS,UNKNOWN,1,9550000,18975,0,18,2;INSUFFICIENT_OBS,NONE,0.00000000000,0.00000000000,-17.0000,17.0000,ERROR,0.0000,0.0000,0.0000,"",0.000,0.000,0,0,0,0,0,00,00,00*00059166
$GPHDT,,T*1B
#UNIHEADINGA,97,GPS,UNKNOWN,1,9550000,18975,0,18,4;INSUFFICIENT_OBS,NONE,0.0000,0.0000,0.0000,0.0000,0.0000,0.0000,"",0,0,0,0,0,00,0,0*2cd40ced
#AGCA,97,GPS,UNKNOWN,1,9550000,18975,0,18,7;37,46,37,-1,-1,35,44,54,-1,-1*435b8bd9
$GNRMC,,V,,,,,,,,,,N,V*37
$GNGGA,,,,,,0,,,,,,,,*78
$GPGSA,,1,,,,,,,,,,,,,,,,*73
$GPGSV,1,1,00,,,,,*55
$GPGST,,,,,,,,*57
#PPPNAVA,97,GPS,UNKNOWN,1,9551000,18975,0,18,2;INSUFFICIENT_OBS,NONE,0.00000000000,0.00000000000,-17.0000,17.0000,ERROR,0.0000,0.0000,0.0000,"",0.000,0.000,0,0,0,0,0,00,00,00*584b6a7b
$GPHDT,,T*1B
#UNIHEADINGA,97,GPS,UNKNOWN,1,9551000,18975,0,18,4;INSUFFICIENT_OBS,NONE,0.0000,0.0000,0.0000,0.0000,0.0000,0.0000,"",0,0,0,0,0,00,0,0*a21f7cd2
#AGCA,97,GPS,UNKNOWN,1,9551000,18975,0,18,7;37,45,38,-1,-1,35,41,54,-1,-1*257ce5eb
$GNRMC,,V,,,,,,,,,,N,V*37
$GNGGA,,,,,,0,,,,,,,,*78
$GPGSA,,1,,,,,,,,,,,,,,,,*73
$GPGSV,1,1,00,,,,,*55
$GPGST,,,,,,,,*57
#PPPNAVA,97,GPS,UNKNOWN,1,9552000,18975,0,18,2;INSUFFICIENT_OBS,NONE,0.00000000000,0.00000000000,-17.0000,17.0000,ERROR,0.0000,0.0000,0.0000,"",0.000,0.000,0,0,0,0,0,00,00,00*b098675c
$GPHDT,,T*1B
#UNIHEADINGA,97,GPS,UNKNOWN,1,9552000,18975,0,18,4;INSUFFICIENT_OBS,NONE,0.0000,0.0000,0.0000,0.0000,0.0000,0.0000,"",0,0,0,0,0,00,0,0*ea33ead2
#AGCA,97,GPS,UNKNOWN,1,9552000,18975,0,18,7;37,46,37,-1,-1,35,43,54,-1,-1*7375866a
$GNRMC,,V,,,,,,,,,,N,V*37
$GNGGA,,,,,,0,,,,,,,,*78
$GPGSA,,1,,,,,,,,,,,,,,,,*73
$GPGSV,1,1,00,,,,,*55
$GPGST,,,,,,,,*57
#PPPNAVA,97,GPS,UNKNOWN,1,9553000,18975,0,18,2;INSUFFICIENT_OBS,NONE,0.00000000000,0.00000000000,-17.0000,17.0000,ERROR,0.0000,0.0000,0.0000,"",0.000,0.000,0,0,0,0,0,00,00,00*e8d69c41
$GPHDT,,T*1B
#UNIHEADINGA,97,GPS,UNKNOWN,1,9553000,18975,0,18,4;INSUFFICIENT_OBS,NONE,0.0000,0.0000,0.0000,0.0000,0.0000,0.0000,"",0,0,0,0,0,00,0,0*64f89aed
#AGCA,97,GPS,UNKNOWN,1,9553000,18975,0,18,7;37,46,38,-1,-1,35,43,54,-1,-1*c696954f
$GNRMC,,V,,,,,,,,,,N,V*37
$GNGGA,,,,,,0,,,,,,,,*78
$GPGSA,,1,,,,,,,,,,,,,,,,*73
$GPGSV,1,1,00,,,,,*55
$GPGST,,,,,,,,*57
#PPPNAVA,97,GPS,UNKNOWN,1,9554000,18975,0,18,2;INSUFFICIENT_OBS,NONE,0.00000000000,0.00000000000,-17.0000,17.0000,ERROR,0.0000,0.0000,0.0000,"",0.000,0.000,0,0,0,0,0,00,00,00*ba4f7b53
$GPHDT,,T*1B
#UNIHEADINGA,97,GPS,UNKNOWN,1,9554000,18975,0,18,4;INSUFFICIENT_OBS,NONE,0.0000,0.0000,0.0000,0.0000,0.0000,0.0000,"",0,0,0,0,0,00,0,0*7a6ac6d2
#AGCA,97,GPS,UNKNOWN,1,9554000,18975,0,18,7;37,46,38,-1,-1,35,44,54,-1,-1*e154b84c
$GNRMC,,V,,,,,,,,,,N,V*37
$GNGGA,,,,,,0,,,,,,,,*78
$GPGSA,,1,,,,,,,,,,,,,,,,*73
$GPGSV,1,1,00,,,,,*55
$GPGST,,,,,,,,*57
#PPPNAVA,97,GPS,UNKNOWN,1,9555000,18975,0,18,2;INSUFFICIENT_OBS,NONE,0.00000000000,0.00000000000,-17.0000,17.0000,ERROR,0.0000,0.0000,0.0000,"",0.000,0.000,0,0,0,0,0,00,00,00*e201804e
$GPHDT,,T*1B
#UNIHEADINGA,97,GPS,UNKNOWN,1,9555000,18975,0,18,4;INSUFFICIENT_OBS,NONE,0.0000,0.0000,0.0000,0.0000,0.0000,0.0000,"",0,0,0,0,0,00,0,0*f4a1b6ed
#AGCA,97,GPS,UNKNOWN,1,9555000,18975,0,18,7;37,46,38,-1,-1,35,43,54,-1,-1*6af1a850
$GNRMC,,V,,,,,,,,,,N,V*37
$GNGGA,,,,,,0,,,,,,,,*78
$GPGSA,,1,,,,,,,,,,,,,,,,*73
$GPGSV,1,1,00,,,,,*55
$GPGST,,,,,,,,*57
#PPPNAVA,97,GPS,UNKNOWN,1,9556000,18975,0,18,2;INSUFFICIENT_OBS,NONE,0.00000000000,0.00000000000,-17.0000,17.0000,ERROR,0.0000,0.0000,0.0000,"",0.000,0.000,0,0,0,0,0,00,00,00*0ad28d69
$GPHDT,,T*1B
#UNIHEADINGA,97,GPS,UNKNOWN,1,9556000,18975,0,18,4;INSUFFICIENT_OBS,NONE,0.0000,0.0000,0.0000,0.0000,0.0000,0.0000,"",0,0,0,0,0,00,0,0*bc8d20ed
#AGCA,97,GPS,UNKNOWN,1,9556000,18975,0,18,7;37,46,38,-1,-1,35,44,54,-1,-1*33a6ae86
$GNRMC,,V,,,,,,,,,,N,V*37
$GNGGA,,,,,,0,,,,,,,,*78
$GPGSA,,1,,,,,,,,,,,,,,,,*73
$GPGSV,1,1,00,,,,,*55
$GPGST,,,,,,,,*57
#PPPNAVA,97,GPS,UNKNOWN,1,9557000,18975,0,18,2;INSUFFICIENT_OBS,NONE,0.00000000000,0.00000000000,-17.0000,17.0000,ERROR,0.0000,0.0000,0.0000,"",0.000,0.000,0,0,0,0,0,00,00,00*529c7674
$GPHDT,,T*1B
#UNIHEADINGA,97,GPS,UNKNOWN,1,9557000,18975,0,18,4;INSUFFICIENT_OBS,NONE,0.0000,0.0000,0.0000,0.0000,0.0000,0.0000,"",0,0,0,0,0,00,0,0*324650d2
#AGCA,97,GPS,UNKNOWN,1,9557000,18975,0,18,7;37,45,38,-1,-1,35,44,54,-1,-1*6f3213b0
$GNRMC,,V,,,,,,,,,,N,V*37
$GNGGA,,,,,,0,,,,,,,,*78
$GPGSA,,1,,,,,,,,,,,,,,,,*73
$GPGSV,1,1,00,,,,,*55
$GPGST,,,,,,,,*57
#PPPNAVA,97,GPS,UNKNOWN,1,9558000,18975,0,18,2;INSUFFICIENT_OBS,NONE,0.00000000000,0.00000000000,-17.0000,17.0000,ERROR,0.0000,0.0000,0.0000,"",0.000,0.000,0,0,0,0,0,00,00,00*afe1434d
$GPHDT,,T*1B
#UNIHEADINGA,97,GPS,UNKNOWN,1,9558000,18975,0,18,4;INSUFFICIENT_OBS,NONE,0.0000,0.0000,0.0000,0.0000,0.0000,0.0000,"",0,0,0,0,0,00,0,0*81a99893
#AGCA,97,GPS,UNKNOWN,1,9558000,18975,0,18,7;37,45,38,-1,-1,35,43,54,-1,-1*b5da6919
$GNRMC,,V,,,,,,,,,,N,V*37
$GNGGA,,,,,,0,,,,,,,,*78
$GPGSA,,1,,,,,,,,,,,,,,,,*73
$GPGSV,1,1,00,,,,,*55
$GPGST,,,,,,,,*57
#PPPNAVA,97,GPS,UNKNOWN,1,9559000,18975,0,18,2;INSUFFICIENT_OBS,NONE,0.00000000000,0.00000000000,-17.0000,17.0000,ERROR,0.0000,0.0000,0.0000,"",0.000,0.000,0,0,0,0,0,00,00,00*f7afb850
$GPHDT,,T*1B
#UNIHEADINGA,97,GPS,UNKNOWN,1,9559000,18975,0,18,4;INSUFFICIENT_OBS,NONE,0.0000,0.0000,0.0000,0.0000,0.0000,0.0000,"",0,0,0,0,0,00,0,0*0f62e8ac
#AGCA,97,GPS,UNKNOWN,1,9559000,18975,0,18,7;36,44,38,-1,-1,35,43,54,-1,-1*789d0f6f
$GNRMC,,V,,,,,,,,,,N,V*37
$GNGGA,,,,,,0,,,,,,,,*78
$GPGSA,,1,,,,,,,,,,,,,,,,*73
$GPGSV,1,1,00,,,,,*55
$GPGST,,,,,,,,*57
#PPPNAVA,97,GPS,UNKNOWN,1,9560000,18975,0,18,2;INSUFFICIENT_OBS,NONE,0.00000000000,0.00000000000,-17.0000,17.0000,ERROR,0.0000,0.0000,0.0000,"",0.000,0.000,0,0,0,0,0,00,00,00*a5e7f700
$GPHDT,,T*1B
#UNIHEADINGA,97,GPS,UNKNOWN,1,9560000,18975,0,18,4;INSUFFICIENT_OBS,NONE,0.0000,0.0000,0.0000,0.0000,0.0000,0.0000,"",0,0,0,0,0,00,0,0*2c9c207b
#AGCA,97,GPS,UNKNOWN,1,9560000,18975,0,18,7;37,47,38,-1,-1,35,44,54,-1,-1*7c9836f3
$GNRMC,,V,,,,,,,,,,N,V*37
$GNGGA,,,,,,0,,,,,,,,*78
$GPGSA,,1,,,,,,,,,,,,,,,,*73
$GPGSV,1,1,00,,,,,*55
$GPGST,,,,,,,,*57
#PPPNAVA,97,GPS,UNKNOWN,1,9561000,18975,0,18,2;INSUFFICIENT_OBS,NONE,0.00000000000,0.00000000000,-17.0000,17.0000,ERROR,0.0000,0.0000,0.0000,"",0.000,0.000,0,0,0,0,0,00,00,00*fda90c1d
$GPHDT,,T*1B
#UNIHEADINGA,97,GPS,UNKNOWN,1,9561000,18975,0,18,4;INSUFFICIENT_OBS,NONE,0.0000,0.0000,0.0000,0.0000,0.0000,0.0000,"",0,0,0,0,0,00,0,0*a2575044
#AGCA,97,GPS,UNKNOWN,1,9561000,18975,0,18,7;36,45,38,-1,-1,35,43,54,-1,-1*66eefdaf
$GNRMC,,V,,,,,,,,,,N,V*37
$GNGGA,,,,,,0,,,,,,,,*78
$GPGSA,,1,,,,,,,,,,,,,,,,*73
$GPGSV,1,1,00,,,,,*55
$GPGST,,,,,,,,*57
#PPPNAVA,97,GPS,UNKNOWN,1,9562000,18975,0,18,2;INSUFFICIENT_OBS,NONE,0.00000000000,0.00000000000,-17.0000,17.0000,ERROR,0.0000,0.0000,0.0000,"",0.000,0.000,0,0,0,0,0,00,00,00*157a013a
$GPHDT,,T*1B
#UNIHEADINGA,97,GPS,UNKNOWN,1,9562000,18975,0,18,4;INSUFFICIENT_OBS,NONE,0.0000,0.0000,0.0000,0.0000,0.0000,0.0000,"",0,0,0,0,0,00,0,0*ea7bc644
#AGCA,97,GPS,UNKNOWN,1,9562000,18975,0,18,7;37,44,38,-1,-1,34,43,54,-1,-1*a4cd5496
$GNRMC,,V,,,,,,,,,,N,V*37
$GNGGA,,,,,,0,,,,,,,,*78
$GPGSA,,1,,,,,,,,,,,,,,,,*73
$GPGSV,1,1,00,,,,,*55
$GPGST,,,,,,,,*57
#PPPNAVA,97,GPS,UNKNOWN,1,9563000,18975,0,18,2;INSUFFICIENT_OBS,NONE,0.00000000000,0.00000000000,-17.0000,17.0000,ERROR,0.0000,0.0000,0.0000,"",0.000,0.000,0,0,0,0,0,00,00,00*4d34fa27
$GPHDT,,T*1B
#UNIHEADINGA,97,GPS,UNKNOWN,1,9563000,18975,0,18,4;INSUFFICIENT_OBS,NONE,0.0000,0.0000,0.0000,0.0000,0.0000,0.0000,"",0,0,0,0,0,00,0,0*64b0b67b
#AGCA,97,GPS,UNKNOWN,1,9563000,18975,0,18,7;37,46,38,-1,-1,35,43,53,-1,-1*45e39ea5
$GNRMC,,V,,,,,,,,,,N,V*37
$GNGGA,,,,,,0,,,,,,,,*78
$GPGSA,,1,,,,,,,,,,,,,,,,*73
$GPGSV,1,1,00,,,,,*55
$GPGST,,,,,,,,*57
#PPPNAVA,97,GPS,UNKNOWN,1,9564000,18975,0,18,2;INSUFFICIENT_OBS,NONE,0.00000000000,0.00000000000,-17.0000,17.0000,ERROR,0.0000,0.0000,0.0000,"",0.000,0.000,0,0,0,0,0,00,00,00*1fad1d35
$GPHDT,,T*1B
#UNIHEADINGA,97,GPS,UNKNOWN,1,9564000,18975,0,18,4;INSUFFICIENT_OBS,NONE,0.0000,0.0000,0.0000,0.0000,0.0000,0.0000,"",0,0,0,0,0,00,0,0*7a22ea44
#AGCA,97,GPS,UNKNOWN,1,9564000,18975,0,18,7;36,47,38,-1,-1,35,43,54,-1,-1*e164fb42
$GNRMC,,V,,,,,,,,,,N,V*37
$GNGGA,,,,,,0,,,,,,,,*78
$GPGSA,,1,,,,,,,,,,,,,,,,*73
$GPGSV,1,1,00,,,,,*55
$GPGST,,,,,,,,*57
#PPPNAVA,97,GPS,UNKNOWN,1,9565000,18975,0,18,2;INSUFFICIENT_OBS,NONE,0.00000000000,0.00000000000,-17.0000,17.0000,ERROR,0.0000,0.0000,0.0000,"",0.000,0.000,0,0,0,0,0,00,00,00*47e3e628
$GPHDT,,T*1B
#UNIHEADINGA,97,GPS,UNKNOWN,1,9565000,18975,0,18,4;INSUFFICIENT_OBS,NONE,0.0000,0.0000,0.0000,0.0000,0.0000,0.0000,"",0,0,0,0,0,00,0,0*f4e99a7b
#AGCA,97,GPS,UNKNOWN,1,9565000,18975,0,18,7;36,45,37,-1,-1,35,43,54,-1,-1*c4e1ce3a
$GNRMC,,V,,,,,,,,,,N,V*37
$GNGGA,,,,,,0,,,,,,,,*78
$GPGSA,,1,,,,,,,,,,,,,,,,*73
$GPGSV,1,1,00,,,,,*55
$GPGST,,,,,,,,*57
#PPPNAVA,97,GPS,UNKNOWN,1,9566000,18975,0,18,2;INSUFFICIENT_OBS,NONE,0.00000000000,0.00000000000,-17.0000,17.0000,ERROR,0.0000,0.0000,0.0000,"",0.000,0.000,0,0,0,0,0,00,00,00*af30eb0f
$GPHDT,,T*1B
#UNIHEADINGA,97,GPS,UNKNOWN,1,9566000,18975,0,18,4;INSUFFICIENT_OBS,NONE,0.0000,0.0000,0.0000,0.0000,0.0000,0.0000,"",0,0,0,0,0,00,0,0*bcc50c7b
#AGCA,97,GPS,UNKNOWN,1,9566000,18975,0,18,7;36,45,38,-1,-1,34,43,54,-1,-1*7e661250
$GNRMC,,V,,,,,,,,,,N,V*37
$GNGGA,,,,,,0,,,,,,,,*78
$GPGSA,,1,,,,,,,,,,,,,,,,*73
$GPGSV,1,1,00,,,,,*55
$GPGST,,,,,,,,*57
#PPPNAVA,97,GPS,UNKNOWN,1,9567000,18975,0,18,2;INSUFFICIENT_OBS,NONE,0.00000000000,0.00000000000,-17.0000,17.0000,ERROR,0.0000,0.0000,0.0000,"",0.000,0.000,0,0,0,0,0,00,00,00*f77e1012
$GPHDT,,T*1B
#UNIHEADINGA,97,GPS,UNKNOWN,1,9567000,18975,0,18,4;INSUFFICIENT_OBS,NONE,0.0000,0.0000,0.0000,0.0000,0.0000,0.0000,"",0,0,0,0,0,00,0,0*320e7c44
#AGCA,97,GPS,UNKNOWN,1,9567000,18975,0,18,7;37,47,37,-1,-1,35,44,54,-1,-1*651c18c9
$GNRMC,,V,,,,,,,,,,N,V*37
$GNGGA,,,,,,0,,,,,,,,*78
$GPGSA,,1,,,,,,,,,,,,,,,,*73
$GPGSV,1,1,00,,,,,*55
$GPGST,,,,,,,,*57
#PPPNAVA,97,GPS,UNKNOWN,1,9568000,18975,0,18,2;INSUFFICIENT_OBS,NONE,0.00000000000,0.00000000000,-17.0000,17.0000,ERROR,0.0000,0.0000,0.0000,"",0.000,0.000,0,0,0,0,0,00,00,00*0a03252b
$GPHDT,,T*1B
#UNIHEADINGA,97,GPS,UNKNOWN,1,9568000,18975,0,18,4;INSUFFICIENT_OBS,NONE,0.0000,0.0000,0.0000,0.0000,0.0000,0.0000,"",0,0,0,0,0,00,0,0*81e1b405
#AGCA,97,GPS,UNKNOWN,1,9568000,18975,0,18,7;36,45,38,-1,-1,35,43,54,-1,-1*f2bda160
$GNRMC,,V,,,,,,,,,,N,V*37
$GNGGA,,,,,,0,,,,,,,,*78
$GPGSA,,1,,,,,,,,,,,,,,,,*73
$GPGSV,1,1,00,,,,,*55
$GPGST,,,,,,,,*57
#PPPNAVA,97,GPS,UNKNOWN,1,9569000,18975,0,18,2;INSUFFICIENT_OBS,NONE,0.00000000000,0.00000000000,-17.0000,17.0000,ERROR,0.0000,0.0000,0.0000,"",0.000,0.000,0,0,0,0,0,00,00,00*524dde36
$GPHDT,,T*1B
#UNIHEADINGA,97,GPS,UNKNOWN,1,9569000,18975,0,18,4;INSUFFICIENT_OBS,NONE,0.0000,0.0000,0.0000,0.0000,0.0000,0.0000,"",0,0,0,0,0,00,0,0*0f2ac43a
#AGCA,97,GPS,UNKNOWN,1,9569000,18975,0,18,7;36,46,38,-1,-1,35,43,54,-1,-1*ae291c56
$GNRMC,,V,,,,,,,,,,N,V*37
$GNGGA,,,,,,0,,,,,,,,*78
$GPGSA,,1,,,,,,,,,,,,,,,,*73
$GPGSV,1,1,00,,,,,*55
$GPGST,,,,,,,,*57
#PPPNAVA,97,GPS,UNKNOWN,1,9570000,18975,0,18,2;INSUFFICIENT_OBS,NONE,0.00000000000,0.00000000000,-17.0000,17.0000,ERROR,0.0000,0.0000,0.0000,"",0.000,0.000,0,0,0,0,0,00,00,00*c6b9d522
$GPHDT,,T*1B
#UNIHEADINGA,97,GPS,UNKNOWN,1,9570000,18975,0,18,4;INSUFFICIENT_OBS,NONE,0.0000,0.0000,0.0000,0.0000,0.0000,0.0000,"",0,0,0,0,0,00,0,0*9a74c636
#AGCA,97,GPS,UNKNOWN,1,9570000,18975,0,18,7;36,45,38,-1,-1,35,43,54,-1,-1*32261a16
$GNRMC,,V,,,,,,,,,,N,V*37
$GNGGA,,,,,,0,,,,,,,,*78
$GPGSA,,1,,,,,,,,,,,,,,,,*73
$GPGSV,1,1,00,,,,,*55
$GPGST,,,,,,,,*57
#PPPNAVA,97,GPS,UNKNOWN,1,9571000,18975,0,18,2;INSUFFICIENT_OBS,NONE,0.00000000000,0.00000000000,-17.0000,17.0000,ERROR,0.0000,0.0000,0.0000,"",0.000,0.000,0,0,0,0,0,00,00,00*9ef72e3f
$GPHDT,,T*1B
#UNIHEADINGA,97,GPS,UNKNOWN,1,9571000,18975,0,18,4;INSUFFICIENT_OBS,NONE,0.0000,0.0000,0.0000,0.0000,0.0000,0.0000,"",0,0,0,0,0,00,0,0*14bfb609
#AGCA,97,GPS,UNKNOWN,1,9571000,18975,0,18,7;37,46,38,-1,-1,35,43,54,-1,-1*6f075a3d
$GNRMC,,V,,,,,,,,,,N,V*37
$GNGGA,,,,,,0,,,,,,,,*78
$GPGSA,,1,,,,,,,,,,,,,,,,*73
$GPGSV,1,1,00,,,,,*55
$GPGST,,,,,,,,*57
#PPPNAVA,97,GPS,UNKNOWN,1,9572000,18975,0,18,2;INSUFFICIENT_OBS,NONE,0.00000000000,0.00000000000,-17.0000,17.0000,ERROR,0.0000,0.0000,0.0000,"",0.000,0.000,0,0,0,0,0,00,00,00*76242318
$GPHDT,,T*1B
#UNIHEADINGA,97,GPS,UNKNOWN,1,9572000,18975,0,18,4;INSUFFICIENT_OBS,NONE,0.0000,0.0000,0.0000,0.0000,0.0000,0.0000,"",0,0,0,0,0,00,0,0*5c932009
#AGCA,97,GPS,UNKNOWN,1,9572000,18975,0,18,7;38,47,38,-1,-1,35,44,54,-1,-1*9a7dd75e
$GNRMC,,V,,,,,,,,,,N,V*37
$GNGGA,,,,,,0,,,,,,,,*78
$GPGSA,,1,,,,,,,,,,,,,,,,*73
$GPGSV,1,1,00,,,,,*55
$GPGST,,,,,,,,*57
#PPPNAVA,97,GPS,UNKNOWN,1,9573000,18975,0,18,2;INSUFFICIENT_OBS,NONE,0.00000000000,0.00000000000,-17.0000,17.0000,ERROR,0.0000,0.0000,0.0000,"",0.000,0.000,0,0,0,0,0,00,00,00*2e6ad805
$GPHDT,,T*1B
#UNIHEADINGA,97,GPS,UNKNOWN,1,9573000,18975,0,18,4;INSUFFICIENT_OBS,NONE,0.0000,0.0000,0.0000,0.0000,0.0000,0.0000,"",0,0,0,0,0,00,0,0*d2585036
#AGCA,97,GPS,UNKNOWN,1,9573000,18975,0,18,7;37,45,37,-1,-1,35,45,54,-1,-1*599c92a3
$GNRMC,,V,,,,,,,,,,N,V*37
$GNGGA,,,,,,0,,,,,,,,*78
$GPGSA,,1,,,,,,,,,,,,,,,,*73
$GPGSV,1,1,00,,,,,*55
$GPGST,,,,,,,,*57
#PPPNAVA,97,GPS,UNKNOWN,1,9574000,18975,0,18,2;INSUFFICIENT_OBS,NONE,0.00000000000,0.00000000000,-17.0000,17.0000,ERROR,0.0000,0.0000,0.0000,"",0.000,0.000,0,0,0,0,0,00,00,00*7cf33f17
$GPHDT,,T*1B
#UNIHEADINGA,97,GPS,UNKNOWN,1,9574000,18975,0,18,4;INSUFFICIENT_OBS,NONE,0.0000,0.0000,0.0000,0.0000,0.0000,0.0000,"",0,0,0,0,0,00,0,0*ccca0c09
#AGCA,97,GPS,UNKNOWN,1,9574000,18975,0,18,7;37,47,37,-1,-1,35,44,54,-1,-1*e326e9ba
$GNRMC,,V,,,,,,,,,,N,V*37
$GNGGA,,,,,,0,,,,,,,,*78
$GPGSA,,1,,,,,,,,,,,,,,,,*73
$GPGSV,1,1,00,,,,,*55
$GPGST,,,,,,,,*57
#PPPNAVA,97,GPS,UNKNOWN,1,9575000,18975,0,18,2;INSUFFICIENT_OBS,NONE,0.00000000000,0.00000000000,-17.0000,17.0000,ERROR,0.0000,0.0000,0.0000,"",0.000,0.000,0,0,0,0,0,00,00,00*24bdc40a
$GPHDT,,T*1B
#UNIHEADINGA,97,GPS,UNKNOWN,1,9575000,18975,0,18,4;INSUFFICIENT_OBS,NONE,0.0000,0.0000,0.0000,0.0000,0.0000,0.0000,"",0,0,0,0,0,00,0,0*42017c36
#AGCA,97,GPS,UNKNOWN,1,9575000,18975,0,18,7;37,46,38,-1,-1,35,43,54,-1,-1*119271e8
$GNRMC,,V,,,,,,,,,,N,V*37
$GNGGA,,,,,,0,,,,,,,,*78
$GPGSA,,1,,,,,,,,,,,,,,,,*73
$GPGSV,1,1,00,,,,,*55
$GPGST,,,,,,,,*57
#PPPNAVA,97,GPS,UNKNOWN,1,9576000,18975,0,18,2;INSUFFICIENT_OBS,NONE,0.00000000000,0.00000000000,-17.0000,17.0000,ERROR,0.0000,0.0000,0.0000,"",0.000,0.000,0,0,0,0,0,00,00,00*cc6ec92d
$GPHDT,,T*1B
#UNIHEADINGA,97,GPS,UNKNOWN,1,9576000,18975,0,18,4;INSUFFICIENT_OBS,NONE,0.0000,0.0000,0.0000,0.0000,0.0000,0.0000,"",0,0,0,0,0,00,0,0*0a2dea36
#AGCA,97,GPS,UNKNOWN,1,9576000,18975,0,18,7;37,47,38,-1,-1,35,43,54,-1,-1*0f92fc49
$GNRMC,,V,,,,,,,,,,N,V*37
$GNGGA,,,,,,0,,,,,,,,*78
$GPGSA,,1,,,,,,,,,,,,,,,,*73
$GPGSV,1,1,00,,,,,*55
$GPGST,,,,,,,,*57
#PPPNAVA,97,GPS,UNKNOWN,1,9577000,18975,0,18,2;INSUFFICIENT_OBS,NONE,0.00000000000,0.00000000000,-17.0000,17.0000,ERROR,0.0000,0.0000,0.0000,"",0.000,0.000,0,0,0,0,0,00,00,00*94203230
$GPHDT,,T*1B
#UNIHEADINGA,97,GPS,UNKNOWN,1,9577000,18975,0,18,4;INSUFFICIENT_OBS,NONE,0.0000,0.0000,0.0000,0.0000,0.0000,0.0000,"",0,0,0,0,0,00,0,0*84e69a09
#AGCA,97,GPS,UNKNOWN,1,9577000,18975,0,18,7;37,46,38,-1,-1,35,43,54,-1,-1*c3606722
$GNRMC,,V,,,,,,,,,,N,V*37
$GNGGA,,,,,,0,,,,,,,,*78
$GPGSA,,1,,,,,,,,,,,,,,,,*73
$GPGSV,1,1,00,,,,,*55
$GPGST,,,,,,,,*57
#PPPNAVA,97,GPS,UNKNOWN,1,9578000,18975,0,18,2;INSUFFICIENT_OBS,NONE,0.00000000000,0.00000000000,-17.0000,17.0000,ERROR,0.0000,0.0000,0.0000,"",0.000,0.000,0,0,0,0,0,00,00,00*695d0709
$GPHDT,,T*1B
#UNIHEADINGA,97,GPS,UNKNOWN,1,9578000,18975,0,18,4;INSUFFICIENT_OBS,NONE,0.0000,0.0000,0.0000,0.0000,0.0000,0.0000,"",0,0,0,0,0,00,0,0*37095248
#AGCA,97,GPS,UNKNOWN,1,9578000,18975,0,18,7;37,46,38,-1,-1,35,44,54,-1,-1*19881d8b
$GNRMC,,V,,,,,,,,,,N,V*37
$GNGGA,,,,,,0,,,,,,,,*78
$GPGSA,,1,,,,,,,,,,,,,,,,*73
$GPGSV,1,1,00,,,,,*55
$GPGST,,,,,,,,*57
#PPPNAVA,97,GPS,UNKNOWN,1,9579000,18975,0,18,2;INSUFFICIENT_OBS,NONE,0.00000000000,0.00000000000,-17.0000,17.0000,ERROR,0.0000,0.0000,0.0000,"",0.000,0.000,0,0,0,0,0,00,00,00*3113fc14
$GPHDT,,T*1B
#UNIHEADINGA,97,GPS,UNKNOWN,1,9579000,18975,0,18,4;INSUFFICIENT_OBS,NONE,0.0000,0.0000,0.0000,0.0000,0.0000,0.0000,"",0,0,0,0,0,00,0,0*b9c22277
#AGCA,97,GPS,UNKNOWN,1,9579000,18975,0,18,7;37,46,38,-1,-1,35,45,54,-1,-1*9f337dd0
$GNRMC,,V,,,,,,,,,,N,V*37
$GNGGA,,,,,,0,,,,,,,,*78
$GPGSA,,1,,,,,,,,,,,,,,,,*73
$GPGSV,1,1,00,,,,,*55
$GPGST,,,,,,,,*57
#PPPNAVA,97,GPS,UNKNOWN,1,9580000,18975,0,18,2;INSUFFICIENT_OBS,NONE,0.00000000000,0.00000000000,-17.0000,17.0000,ERROR,0.0000,0.0000,0.0000,"",0.000,0.000,0,0,0,0,0,00,00,00*9941201f
$GPHDT,,T*1B
#UNIHEADINGA,97,GPS,UNKNOWN,1,9580000,18975,0,18,4;INSUFFICIENT_OBS,NONE,0.0000,0.0000,0.0000,0.0000,0.0000,0.0000,"",0,0,0,0,0,00,0,0*9b1c58f8
#AGCA,97,GPS,UNKNOWN,1,9580000,18975,0,18,7;37,47,38,-1,-1,35,44,54,-1,-1*c7c23c9a
$GNRMC,,V,,,,,,,,,,N,V*37
$GNGGA,,,,,,0,,,,,,,,*78
$GPGSA,,1,,,,,,,,,,,,,,,,*73
$GPGSV,1,1,00,,,,,*55
$GPGST,,,,,,,,*57
#PPPNAVA,97,GPS,UNKNOWN,1,9581000,18975,0,18,2;INSUFFICIENT_OBS,NONE,0.00000000000,0.00000000000,-17.0000,17.0000,ERROR,0.0000,0.0000,0.0000,"",0.000,0.000,0,0,0,0,0,00,00,00*c10fdb02
$GPHDT,,T*1B
#UNIHEADINGA,97,GPS,UNKNOWN,1,9581000,18975,0,18,4;INSUFFICIENT_OBS,NONE,0.0000,0.0000,0.0000,0.0000,0.0000,0.0000,"",0,0,0,0,0,00,0,0*15d728c7
#AGCA,97,GPS,UNKNOWN,1,9581000,18975,0,18,7;37,47,38,-1,-1,35,43,54,-1,-1*4c672c86
$GNRMC,,V,,,,,,,,,,N,V*37
$GNGGA,,,,,,0,,,,,,,,*78
$GPGSA,,1,,,,,,,,,,,,,,,,*73
$GPGSV,1,1,00,,,,,*55
$GPGST,,,,,,,,*57
#PPPNAVA,97,GPS,UNKNOWN,1,9582000,18975,0,18,2;INSUFFICIENT_OBS,NONE,0.00000000000,0.00000000000,-17.0000,17.0000,ERROR,0.0000,0.0000,0.0000,"",0.000,0.000,0,0,0,0,0,00,00,00*29dcd625
$GPHDT,,T*1B
#UNIHEADINGA,97,GPS,UNKNOWN,1,9582000,18975,0,18,4;INSUFFICIENT_OBS,NONE,0.0000,0.0000,0.0000,0.0000,0.0000,0.0000,"",0,0,0,0,0,00,0,0*5dfbbec7
#AGCA,97,GPS,UNKNOWN,1,9582000,18975,0,18,7;36,46,37,-1,-1,35,43,54,-1,-1*8f48447a
$GNRMC,,V,,,,,,,,,,N,V*37
$GNGGA,,,,,,0,,,,,,,,*78
$GPGSA,,1,,,,,,,,,,,,,,,,*73
$GPGSV,1,1,00,,,,,*55
$GPGST,,,,,,,,*57
#PPPNAVA,97,GPS,UNKNOWN,1,9583000,18975,0,18,2;INSUFFICIENT_OBS,NONE,0.00000000000,0.00000000000,-17.0000,17.0000,ERROR,0.0000,0.0000,0.0000,"",0.000,0.000,0,0,0,0,0,00,00,00*71922d38
$GPHDT,,T*1B
#UNIHEADINGA,97,GPS,UNKNOWN,1,9583000,18975,0,18,4;INSUFFICIENT_OBS,NONE,0.0000,0.0000,0.0000,0.0000,0.0000,0.0000,"",0,0,0,0,0,00,0,0*d330cef8
#AGCA,97,GPS,UNKNOWN,1,9583000,18975,0,18,7;37,45,38,-1,-1,35,44,54,-1,-1*ec2f0768
$GNRMC,,V,,,,,,,,,,N,V*37
$GNGGA,,,,,,0,,,,,,,,*78
$GPGSA,,1,,,,,,,,,,,,,,,,*73
$GPGSV,1,1,00,,,,,*55
$GPGST,,,,,,,,*57
#PPPNAVA,97,GPS,UNKNOWN,1,9584000,18975,0,18,2;INSUFFICIENT_OBS,NONE,0.00000000000,0.00000000000,-17.0000,17.0000,ERROR,0.0000,0.0000,0.0000,"",0.000,0.000,0,0,0,0,0,00,00,00*230bca2a
$GPHDT,,T*1B
#UNIHEADINGA,97,GPS,UNKNOWN,1,9584000,18975,0,18,4;INSUFFICIENT_OBS,NONE,0.0000,0.0000,0.0000,0.0000,0.0000,0.0000,"",0,0,0,0,0,00,0,0*cda292c7
#AGCA,97,GPS,UNKNOWN,1,9584000,18975,0,18,7;37,46,38,-1,-1,35,44,54,-1,-1*1cdc8741
$GNRMC,,V,,,,,,,,,,N,V*37
$GNGGA,,,,,,0,,,,,,,,*78
$GPGSA,,1,,,,,,,,,,,,,,,,*73
$GPGSV,1,1,00,,,,,*55
$GPGST,,,,,,,,*57
#PPPNAVA,97,GPS,UNKNOWN,1,9585000,18975,0,18,2;INSUFFICIENT_OBS,NONE,0.00000000000,0.00000000000,-17.0000,17.0000,ERROR,0.0000,0.0000,0.0000,"",0.000,0.000,0,0,0,0,0,00,00,00*7b453137
$GPHDT,,T*1B
#UNIHEADINGA,97,GPS,UNKNOWN,1,9585000,18975,0,18,4;INSUFFICIENT_OBS,NONE,0.0000,0.0000,0.0000,0.0000,0.0000,0.0000,"",0,0,0,0,0,00,0,0*4369e2f8
#AGCA,97,GPS,UNKNOWN,1,9585000,18975,0,18,7;37,46,38,-1,-1,35,44,54,-1,-1*75a58c24
$GNRMC,,V,,,,,,,,,,N,V*37
$GNGGA,,,,,,0,,,,,,,,*78
$GPGSA,,1,,,,,,,,,,,,,,,,*73
$GPGSV,1,1,00,,,,,*55
$GPGST,,,,,,,,*57
#PPPNAVA,97,GPS,UNKNOWN,1,9586000,18975,0,18,2;INSUFFICIENT_OBS,NONE,0.00000000000,0.00000000000,-17.0000,17.0000,ERROR,0.0000,0.0000,0.0000,"",0.000,0.000,0,0,0,0,0,00,00,00*93963c10
$GPHDT,,T*1B
#UNIHEADINGA,97,GPS,UNKNOWN,1,9586000,18975,0,18,4;INSUFFICIENT_OBS,NONE,0.0000,0.0000,0.0000,0.0000,0.0000,0.0000,"",0,0,0,0,0,00,0,0*0b4574f8
#AGCA,97,GPS,UNKNOWN,1,9586000,18975,0,18,7;37,46,38,-1,-1,35,43,54,-1,-1*2cf28af2
$GNRMC,,V,,,,,,,,,,N,V*37
$GNGGA,,,,,,0,,,,,,,,*78
$GPGSA,,1,,,,,,,,,,,,,,,,*73
$GPGSV,1,1,00,,,,,*55
$GPGST,,,,,,,,*57
#PPPNAVA,97,GPS,UNKNOWN,1,9587000,18975,0,18,2;INSUFFICIENT_OBS,NONE,0.00000000000,0.00000000000,-17.0000,17.0000,ERROR,0.0000,0.0000,0.0000,"",0.000,0.000,0,0,0,0,0,00,00,00*cbd8c70d
$GPHDT,,T*1B
#UNIHEADINGA,97,GPS,UNKNOWN,1,9587000,18975,0,18,4;INSUFFICIENT_OBS,NONE,0.0000,0.0000,0.0000,0.0000,0.0000,0.0000,"",0,0,0,0,0,00,0,0*858e04c7
#AGCA,97,GPS,UNKNOWN,1,9587000,18975,0,18,7;37,46,38,-1,-1,35,43,54,-1,-1*458b8197
$GNRMC,,V,,,,,,,,,,N,V*37
$GNGGA,,,,,,0,,,,,,,,*78
$GPGSA,,1,,,,,,,,,,,,,,,,*73
$GPGSV,1,1,00,,,,,*55
$GPGST,,,,,,,,*57
#PPPNAVA,97,GPS,UNKNOWN,1,9588000,18975,0,18,2;INSUFFICIENT_OBS,NONE,0.00000000000,0.00000000000,-17.0000,17.0000,ERROR,0.0000,0.0000,0.0000,"",0.000,0.000,0,0,0,0,0,00,00,00*36a5f234
$GPHDT,,T*1B
#UNIHEADINGA,97,GPS,UNKNOWN,1,9588000,18975,0,18,4;INSUFFICIENT_OBS,NONE,0.0000,0.0000,0.0000,0.0000,0.0000,0.0000,"",0,0,0,0,0,00,0,0*3661cc86
#AGCA,97,GPS,UNKNOWN,1,9588000,18975,0,18,7;35,45,38,-1,-1,35,43,54,-1,-1*4b39ac2e
$GNRMC,,V,,,,,,,,,,N,V*37
$GNGGA,,,,,,0,,,,,,,,*78
$GPGSA,,1,,,,,,,,,,,,,,,,*73
$GPGSV,1,1,00,,,,,*55
$GPGST,,,,,,,,*57
#PPPNAVA,97,GPS,UNKNOWN,1,9589000,18975,0,18,2;INSUFFICIENT_OBS,NONE,0.00000000000,0.00000000000,-17.0000,17.0000,ERROR,0.0000,0.0000,0.0000,"",0.000,0.000,0,0,0,0,0,00,00,00*6eeb0929
$GPHDT,,T*1B
#UNIHEADINGA,97,GPS,UNKNOWN,1,9589000,18975,0,18,4;INSUFFICIENT_OBS,NONE,0.0000,0.0000,0.0000,0.0000,0.0000,0.0000,"",0,0,0,0,0,00,0,0*b8aabcb9
#AGCA,97,GPS,UNKNOWN,1,9589000,18975,0,18,7;37,47,37,-1,-1,35,42,54,-1,-1*82150852
$GNRMC,,V,,,,,,,,,,N,V*37
$GNGGA,,,,,,0,,,,,,,,*78
$GPGSA,,1,,,,,,,,,,,,,,,,*73
$GPGSV,1,1,00,,,,,*55
$GPGST,,,,,,,,*57
#PPPNAVA,97,GPS,UNKNOWN,1,9590000,18975,0,18,2;INSUFFICIENT_OBS,NONE,0.00000000000,0.00000000000,-17.0000,17.0000,ERROR,0.0000,0.0000,0.0000,"",0.000,0.000,0,0,0,0,0,00,00,00*fa1f023d
$GPHDT,,T*1B
#UNIHEADINGA,97,GPS,UNKNOWN,1,9590000,18975,0,18,4;INSUFFICIENT_OBS,NONE,0.0000,0.0000,0.0000,0.0000,0.0000,0.0000,"",0,0,0,0,0,00,0,0*2df4beb5
#AGCA,97,GPS,UNKNOWN,1,9590000,18975,0,18,7;37,48,37,-1,-1,35,44,54,-1,-1*c4b2a719
$GNRMC,,V,,,,,,,,,,N,V*37
$GNGGA,,,,,,0,,,,,,,,*78
$GPGSA,,1,,,,,,,,,,,,,,,,*73
$GPGSV,1,1,00,,,,,*55
$GPGST,,,,,,,,*57
#PPPNAVA,97,GPS,UNKNOWN,1,9591000,18975,0,18,2;INSUFFICIENT_OBS,NONE,0.00000000000,0.00000000000,-17.0000,17.0000,ERROR,0.0000,0.0000,0.0000,"",0.000,0.000,0,0,0,0,0,00,00,00*a251f920
$GPHDT,,T*1B
#UNIHEADINGA,97,GPS,UNKNOWN,1,9591000,18975,0,18,4;INSUFFICIENT_OBS,NONE,0.0000,0.0000,0.0000,0.0000,0.0000,0.0000,"",0,0,0,0,0,00,0,0*a33fce8a
#AGCA,97,GPS,UNKNOWN,1,9591000,18975,0,18,7;37,45,38,-1,-1,35,42,54,-1,-1*0e728d39
$GNRMC,,V,,,,,,,,,,N,V*37
$GNGGA,,,,,,0,,,,,,,,*78
$GPGSA,,1,,,,,,,,,,,,,,,,*73
$GPGSV,1,1,00,,,,,*55
$GPGST,,,,,,,,*57
#PPPNAVA,97,GPS,UNKNOWN,1,9592000,18975,0,18,2;INSUFFICIENT_OBS,NONE,0.00000000000,0.00000000000,-17.0000,17.0000,ERROR,0.0000,0.0000,0.0000,"",0.000,0.000,0,0,0,0,0,00,00,00*4a82f407
$GPHDT,,T*1B
#UNIHEADINGA,97,GPS,UNKNOWN,1,9592000,18975,0,18,4;INSUFFICIENT_OBS,NONE,0.0000,0.0000,0.0000,0.0000,0.0000,0.0000,"",0,0,0,0,0,00,0,0*eb13588a
#AGCA,97,GPS,UNKNOWN,1,9592000,18975,0,18,7;36,45,38,-1,-1,35,43,54,-1,-1*5b8e06b5
$GNRMC,,V,,,,,,,,,,N,V*37
$GNGGA,,,,,,0,,,,,,,,*78
$GPGSA,,1,,,,,,,,,,,,,,,,*73
$GPGSV,1,1,00,,,,,*55
$GPGST,,,,,,,,*57
#PPPNAVA,97,GPS,UNKNOWN,1,9593000,18975,0,18,2;INSUFFICIENT_OBS,NONE,0.00000000000,0.00000000000,-17.0000,17.0000,ERROR,0.0000,0.0000,0.0000,"",0.000,0.000,0,0,0,0,0,00,00,00*12cc0f1a
$GPHDT,,T*1B
#UNIHEADINGA,97,GPS,UNKNOWN,1,9593000,18975,0,18,4;INSUFFICIENT_OBS,NONE,0.0000,0.0000,0.0000,0.0000,0.0000,0.0000,"",0,0,0,0,0,00,0,0*65d828b5
#AGCA,97,GPS,UNKNOWN,1,9593000,18975,0,18,7;36,44,38,-1,-1,35,42,54,-1,-1*78bef6e0
$GNRMC,,V,,,,,,,,,,N,V*37
$GNGGA,,,,,,0,,,,,,,,*78
$GPGSA,,1,,,,,,,,,,,,,,,,*73
$GPGSV,1,1,00,,,,,*55
$GPGST,,,,,,,,*57
#PPPNAVA,97,GPS,UNKNOWN,1,9594000,18975,0,18,2;INSUFFICIENT_OBS,NONE,0.00000000000,0.00000000000,-17.0000,17.0000,ERROR,0.0000,0.0000,0.0000,"",0.000,0.000,0,0,0,0,0,00,00,00*4055e808
$GPHDT,,T*1B
#UNIHEADINGA,97,GPS,UNKNOWN,1,9594000,18975,0,18,4;INSUFFICIENT_OBS,NONE,0.0000,0.0000,0.0000,0.0000,0.0000,0.0000,"",0,0,0,0,0,00,0,0*7b4a748a
#AGCA,97,GPS,UNKNOWN,1,9594000,18975,0,18,7;37,46,38,-1,-1,35,43,54,-1,-1*c3b170e4
$GNRMC,,V,,,,,,,,,,N,V*37
$GNGGA,,,,,,0,,,,,,,,*78
$GPGSA,,1,,,,,,,,,,,,,,,,*73
$GPGSV,1,1,00,,,,,*55
$GPGST,,,,,,,,*57
#PPPNAVA,97,GPS,UNKNOWN,1,9595000,18975,0,18,2;INSUFFICIENT_OBS,NONE,0.00000000000,0.00000000000,-17.0000,17.0000,ERROR,0.0000,0.0000,0.0000,"",0.000,0.000,0,0,0,0,0,00,00,00*181b1315
$GPHDT,,T*1B
#UNIHEADINGA,97,GPS,UNKNOWN,1,9595000,18975,0,18,4;INSUFFICIENT_OBS,NONE,0.0000,0.0000,0.0000,0.0000,0.0000,0.0000,"",0,0,0,0,0,00,0,0*f58104b5
#AGCA,97,GPS,UNKNOWN,1,9595000,18975,0,18,7;37,45,38,-1,-1,35,43,54,-1,-1*9f25cdd2
$GNRMC,,V,,,,,,,,,,N,V*37
$GNGGA,,,,,,0,,,,,,,,*78
$GPGSA,,1,,,,,,,,,,,,,,,,*73
$GPGSV,1,1,00,,,,,*55
$GPGST,,,,,,,,*57
#PPPNAVA,97,GPS,UNKNOWN,1,9596000,18975,0,18,2;INSUFFICIENT_OBS,NONE,0.00000000000,0.00000000000,-17.0000,17.0000,ERROR,0.0000,0.0000,0.0000,"",0.000,0.000,0,0,0,0,0,00,00,00*f0c81e32
$GPHDT,,T*1B
#UNIHEADINGA,97,GPS,UNKNOWN,1,9596000,18975,0,18,4;INSUFFICIENT_OBS,NONE,0.0000,0.0000,0.0000,0.0000,0.0000,0.0000,"",0,0,0,0,0,00,0,0*bdad92b5
#AGCA,97,GPS,UNKNOWN,1,9596000,18975,0,18,7;37,47,38,-1,-1,34,44,54,-1,-1*8b8234dc
$GNRMC,,V,,,,,,,,,,N,V*37
$GNGGA,,,,,,0,,,,,,,,*78
$GPGSA,,1,,,,,,,,,,,,,,,,*73
$GPGSV,1,1,00,,,,,*55
$GPGST,,,,,,,,*57
#PPPNAVA,97,GPS,UNKNOWN,1,9597000,18975,0,18,2;INSUFFICIENT_OBS,NONE,0.00000000000,0.00000000000,-17.0000,17.0000,ERROR,0.0000,0.0000,0.0000,"",0.000,0.000,0,0,0,0,0,00,00,00*a886e52f
$GPHDT,,T*1B
#UNIHEADINGA,97,GPS,UNKNOWN,1,9597000,18975,0,18,4;INSUFFICIENT_OBS,NONE,0.0000,0.0000,0.0000,0.0000,0.0000,0.0000,"",0,0,0,0,0,00,0,0*3366e28a
#AGCA,97,GPS,UNKNOWN,1,9597000,18975,0,18,7;37,47,38,-1,-1,35,43,54,-1,-1*ddb1fd45
$GNRMC,,V,,,,,,,,,,N,V*37
$GNGGA,,,,,,0,,,,,,,,*78
$GPGSA,,1,,,,,,,,,,,,,,,,*73
$GPGSV,1,1,00,,,,,*55
$GPGST,,,,,,,,*57
#PPPNAVA,97,GPS,UNKNOWN,1,9598000,18975,0,18,2;INSUFFICIENT_OBS,NONE,0.00000000000,0.00000000000,-17.0000,17.0000,ERROR,0.0000,0.0000,0.0000,"",0.000,0.000,0,0,0,0,0,00,00,00*55fbd016
$GPHDT,,T*1B
#UNIHEADINGA,97,GPS,UNKNOWN,1,9598000,18975,0,18,4;INSUFFICIENT_OBS,NONE,0.0000,0.0000,0.0000,0.0000,0.0000,0.0000,"",0,0,0,0,0,00,0,0*80892acb
#AGCA,97,GPS,UNKNOWN,1,9598000,18975,0,18,7;37,46,38,-1,-1,35,43,54,-1,-1*400e0c9b
$GNRMC,,V,,,,,,,,,,N,V*37
$GNGGA,,,,,,0,,,,,,,,*78
$GPGSA,,1,,,,,,,,,,,,,,,,*73
$GPGSV,1,1,00,,,,,*55
$GPGST,,,,,,,,*57
#PPPNAVA,97,GPS,UNKNOWN,1,9599000,18975,0,18,2;INSUFFICIENT_OBS,NONE,0.00000000000,0.00000000000,-17.0000,17.0000,ERROR,0.0000,0.0000,0.0000,"",0.000,0.000,0,0,0,0,0,00,00,00*0db52b0b
$GPHDT,,T*1B
#UNIHEADINGA,97,GPS,UNKNOWN,1,9599000,18975,0,18,4;INSUFFICIENT_OBS,NONE,0.0000,0.0000,0.0000,0.0000,0.0000,0.0000,"",0,0,0,0,0,00,0,0*0e425af4
#AGCA,97,GPS,UNKNOWN,1,9599000,18975,0,18,7;37,46,38,-1,-1,35,44,54,-1,-1*cbab1c87
$GNRMC,,V,,,,,,,,,,N,V*37
$GNGGA,,,,,,0,,,,,,,,*78
$GPGSA,,1,,,,,,,,,,,,,,,,*73
$GPGSV,1,1,00,,,,,*55
$GPGST,,,,,,,,*57
#PPPNAVA,97,GPS,UNKNOWN,1,9600000,18975,0,18,2;INSUFFICIENT_OBS,NONE,0.00000000000,0.00000000000,-17.0000,17.0000,ERROR,0.0000,0.0000,0.0000,"",0.000,0.000,0,0,0,0,0,00,00,00*91261b86
$GPHDT,,T*1B
#UNIHEADINGA,97,GPS,UNKNOWN,1,9600000,18975,0,18,4;INSUFFICIENT_OBS,NONE,0.0000,0.0000,0.0000,0.0000,0.0000,0.0000,"",0,0,0,0,0,00,0,0*3560070a
#AGCA,97,GPS,UNKNOWN,1,9600000,18975,0,18,7;38,46,38,-1,-1,35,44,54,-1,-1*1788a0fa
$GNRMC,,V,,,,,,,,,,N,V*37
$GNGGA,,,,,,0,,,,,,,,*78
$GPGSA,,1,,,,,,,,,,,,,,,,*73
$GPGSV,1,1,00,,,,,*55
$GPGST,,,,,,,,*57
#PPPNAVA,97,GPS,UNKNOWN,1,9601000,18975,0,18,2;INSUFFICIENT_OBS,NONE,0.00000000000,0.00000000000,-17.0000,17.0000,ERROR,0.0000,0.0000,0.0000,"",0.000,0.000,0,0,0,0,0,00,00,00*c968e09b
$GPHDT,,T*1B
#UNIHEADINGA,97,GPS,UNKNOWN,1,9601000,18975,0,18,4;INSUFFICIENT_OBS,NONE,0.0000,0.0000,0.0000,0.0000,0.0000,0.0000,"",0,0,0,0,0,00,0,0*bbab7735
#AGCA,97,GPS,UNKNOWN,1,9601000,18975,0,18,7;37,45,37,-1,-1,35,42,54,-1,-1*933e6e70
$GNRMC,,V,,,,,,,,,,N,V*37
$GNGGA,,,,,,0,,,,,,,,*78
$GPGSA,,1,,,,,,,,,,,,,,,,*73
$GPGSV,1,1,00,,,,,*55
$GPGST,,,,,,,,*57
#PPPNAVA,97,GPS,UNKNOWN,1,9602000,18975,0,18,2;INSUFFICIENT_OBS,NONE,0.00000000000,0.00000000000,-17.0000,17.0000,ERROR,0.0000,0.0000,0.0000,"",0.000,0.000,0,0,0,0,0,00,00,00*21bbedbc
$GPHDT,,T*1B
#UNIHEADINGA,97,GPS,UNKNOWN,1,9602000,18975,0,18,4;INSUFFICIENT_OBS,NONE,0.0000,0.0000,0.0000,0.0000,0.0000,0.0000,"",0,0,0,0,0,00,0,0*f387e135
#AGCA,97,GPS,UNKNOWN,1,9602000,18975,0,18,7;37,46,38,-1,-1,35,43,53,-1,-1*eba7887c
$GNRMC,,V,,,,,,,,,,N,V*37
$GNGGA,,,,,,0,,,,,,,,*78
$GPGSA,,1,,,,,,,,,,,,,,,,*73
$GPGSV,1,1,00,,,,,*55
$GPGST,,,,,,,,*57
#PPPNAVA,97,GPS,UNKNOWN,1,9603000,18975,0,18,2;INSUFFICIENT_OBS,NONE,0.00000000000,0.00000000000,-17.0000,17.0000,ERROR,0.0000,0.0000,0.0000,"",0.000,0.000,0,0,0,0,0,00,00,00*79f516a1
$GPHDT,,T*1B
#UNIHEADINGA,97,GPS,UNKNOWN,1,9603000,18975,0,18,4;INSUFFICIENT_OBS,NONE,0.0000,0.0000,0.0000,0.0000,0.0000,0.0000,"",0,0,0,0,0,00,0,0*7d4c910a
#AGCA,97,GPS,UNKNOWN,1,9603000,18975,0,18,7;37,46,38,-1,-1,35,43,54,-1,-1*4779bd97
$GNRMC,,V,,,,,,,,,,N,V*37
$GNGGA,,,,,,0,,,,,,,,*78
$GPGSA,,1,,,,,,,,,,,,,,,,*73
$GPGSV,1,1,00,,,,,*55
$GPGST,,,,,,,,*57
#PPPNAVA,97,GPS,UNKNOWN,1,9604000,18975,0,18,2;INSUFFICIENT_OBS,NONE,0.00000000000,0.00000000000,-17.0000,17.0000,ERROR,0.0000,0.0000,0.0000,"",0.000,0.000,0,0,0,0,0,00,00,00*2b6cf1b3
$GPHDT,,T*1B
#UNIHEADINGA,97,GPS,UNKNOWN,1,9604000,18975,0,18,4;INSUFFICIENT_OBS,NONE,0.0000,0.0000,0.0000,0.0000,0.0000,0.0000,"",0,0,0,0,0,00,0,0*63decd35
#AGCA,97,GPS,UNKNOWN,1,9604000,18975,0,18,7;37,46,38,-1,-1,35,43,54,-1,-1*82678bed
$GNRMC,,V,,,,,,,,,,N,V*37
$GNGGA,,,,,,0,,,,,,,,*78
$GPGSA,,1,,,,,,,,,,,,,,,,*73
$GPGSV,1,1,00,,,,,*55
$GPGST,,,,,,,,*57
#PPPNAVA,97,GPS,UNKNOWN,1,9605000,18975,0,18,2;INSUFFICIENT_OBS,NONE,0.00000000000,0.00000000000,-17.0000,17.0000,ERROR,0.0000,0.0000,0.0000,"",0.000,0.000,0,0,0,0,0,00,00,00*73220aae
$GPHDT,,T*1B
#UNIHEADINGA,97,GPS,UNKNOWN,1,9605000,18975,0,18,4;INSUFFICIENT_OBS,NONE,0.0000,0.0000,0.0000,0.0000,0.0000,0.0000,"",0,0,0,0,0,00,0,0*ed15bd0a
#AGCA,97,GPS,UNKNOWN,1,9605000,18975,0,18,7;37,45,38,-1,-1,35,43,54,-1,-1*def336db
$GNRMC,,V,,,,,,,,,,N,V*37
$GNGGA,,,,,,0,,,,,,,,*78
$GPGSA,,1,,,,,,,,,,,,,,,,*73
$GPGSV,1,1,00,,,,,*55
$GPGST,,,,,,,,*57
#PPPNAVA,97,GPS,UNKNOWN,1,9606000,18975,0,18,2;INSUFFICIENT_OBS,NONE,0.00000000000,0.00000000000,-17.0000,17.0000,ERROR,0.0000,0.0000,0.0000,"",0.000,0.000,0,0,0,0,0,00,00,00*9bf10789
$GPHDT,,T*1B
#UNIHEADINGA,97,GPS,UNKNOWN,1,9606000,18975,0,18,4;INSUFFICIENT_OBS,NONE,0.0000,0.0000,0.0000,0.0000,0.0000,0.0000,"",0,0,0,0,0,00,0,0*a5392b0a
#AGCA,97,GPS,UNKNOWN,1,9606000,18975,0,18,7;37,45,38,-1,-1,35,42,54,-1,-1*8aba404a
$GNRMC,,V,,,,,,,,,,N,V*37
$GNGGA,,,,,,0,,,,,,,,*78
$GPGSA,,1,,,,,,,,,,,,,,,,*73
$GPGSV,1,1,00,,,,,*55
$GPGST,,,,,,,,*57
#PPPNAVA,97,GPS,UNKNOWN,1,9607000,18975,0,18,2;INSUFFICIENT_OBS,NONE,0.00000000000,0.00000000000,-17.0000,17.0000,ERROR,0.0000,0.0000,0.0000,"",0.000,0.000,0,0,0,0,0,00,00,00*c3bffc94
$GPHDT,,T*1B
#UNIHEADINGA,97,GPS,UNKNOWN,1,9607000,18975,0,18,4;INSUFFICIENT_OBS,NONE,0.0000,0.0000,0.0000,0.0000,0.0000,0.0000,"",0,0,0,0,0,00,0,0*2bf25b35
#AGCA,97,GPS,UNKNOWN,1,9607000,18975,0,18,7;37,47,37,-1,-1,35,43,54,-1,-1*40fd1e0c
$GNRMC,,V,,,,,,,,,,N,V*37
$GNGGA,,,,,,0,,,,,,,,*78
$GPGSA,,1,,,,,,,,,,,,,,,,*73
$GPGSV,1,1,00,,,,,*55
$GPGST,,,,,,,,*57
#PPPNAVA,97,GPS,UNKNOWN,1,9608000,18975,0,18,2;INSUFFICIENT_OBS,NONE,0.00000000000,0.00000000000,-17.0000,17.0000,ERROR,0.0000,0.0000,0.0000,"",0.000,0.000,0,0,0,0,0,00,00,00*3ec2c9ad
$GPHDT,,T*1B
#UNIHEADINGA,97,GPS,UNKNOWN,1,9608000,18975,0,18,4;INSUFFICIENT_OBS,NONE,0.0000,0.0000,0.0000,0.0000,0.0000,0.0000,"",0,0,0,0,0,00,0,0*981d9374
#AGCA,97,GPS,UNKNOWN,1,9608000,18975,0,18,7;37,45,38,-1,-1,35,43,54,-1,-1*343541c1
$GNRMC,,V,,,,,,,,,,N,V*37
$GNGGA,,,,,,0,,,,,,,,*78
$GPGSA,,1,,,,,,,,,,,,,,,,*73
$GPGSV,1,1,00,,,,,*55
$GPGST,,,,,,,,*57
#PPPNAVA,97,GPS,UNKNOWN,1,9609000,18975,0,18,2;INSUFFICIENT_OBS,NONE,0.00000000000,0.00000000000,-17.0000,17.0000,ERROR,0.0000,0.0000,0.0000,"",0.000,0.000,0,0,0,0,0,00,00,00*668c32b0
$GPHDT,,T*1B
#UNIHEADINGA,97,GPS,UNKNOWN,1,9609000,18975,0,18,4;INSUFFICIENT_OBS,NONE,0.0000,0.0000,0.0000,0.0000,0.0000,0.0000,"",0,0,0,0,0,00,0,0*16d6e34b
#AGCA,97,GPS,UNKNOWN,1,9609000,18975,0,18,7;37,46,38,-1,-1,35,44,54,-1,-1*8a7de78e
$GNRMC,,V,,,,,,,,,,N,V*37
$GNGGA,,,,,,0,,,,,,,,*78
$GPGSA,,1,,,,,,,,,,,,,,,,*73
$GPGSV,1,1,00,,,,,*55
$GPGST,,,,,,,,*57
#PPPNAVA,97,GPS,UNKNOWN,1,9610000,18975,0,18,2;INSUFFICIENT_OBS,NONE,0.00000000000,0.00000000000,-17.0000,17.0000,ERROR,0.0000,0.0000,0.0000,"",0.000,0.000,0,0,0,0,0,00,00,00*f27839a4
$GPHDT,,T*1B
#UNIHEADINGA,97,GPS,UNKNOWN,1,9610000,18975,0,18,4;INSUFFICIENT_OBS,NONE,0.0000,0.0000,0.0000,0.0000,0.0000,0.0000,"",0,0,0,0,0,00,0,0*8388e147
#AGCA,97,GPS,UNKNOWN,1,9610000,18975,0,18,7;37,46,37,-1,-1,35,43,54,-1,-1*1dd954a4
$GNRMC,,V,,,,,,,,,,N,V*37
$GNGGA,,,,,,0,,,,,,,,*78
$GPGSA,,1,,,,,,,,,,,,,,,,*73
$GPGSV,1,1,00,,,,,*55
$GPGST,,,,,,,,*57
#PPPNAVA,97,GPS,UNKNOWN,1,9611000,18975,0,18,2;INSUFFICIENT_OBS,NONE,0.00000000000,0.00000000000,-17.0000,17.0000,ERROR,0.0000,0.0000,0.0000,"",0.000,0.000,0,0,0,0,0,00,00,00*aa36c2b9
$GPHDT,,T*1B
#UNIHEADINGA,97,GPS,UNKNOWN,1,9611000,18975,0,18,4;INSUFFICIENT_OBS,NONE,0.0000,0.0000,0.0000,0.0000,0.0000,0.0000,"",0,0,0,0,0,00,0,0*0d439178
#AGCA,97,GPS,UNKNOWN,1,9611000,18975,0,18,7;37,46,38,-1,-1,35,43,54,-1,-1*a83a4781
$GNRMC,,V,,,,,,,,,,N,V*37
$GNGGA,,,,,,0,,,,,,,,*78
$GPGSA,,1,,,,,,,,,,,,,,,,*73
$GPGSV,1,1,00,,,,,*55
$GPGST,,,,,,,,*57
#PPPNAVA,97,GPS,UNKNOWN,1,9612000,18975,0,18,3;INSUFFICIENT_OBS,NONE,0.00000000000,0.00000000000,-17.0000,17.0000,ERROR,0.0000,0.0000,0.0000,"",0.000,0.000,0,0,0,0,0,00,00,00*fd06517d
$GPHDT,,T*1B
#UNIHEADINGA,97,GPS,UNKNOWN,1,9612000,18975,0,18,4;INSUFFICIENT_OBS,NONE,0.0000,0.0000,0.0000,0.0000,0.0000,0.0000,"",0,0,0,0,0,00,0,0*456f0778
#AGCA,97,GPS,UNKNOWN,1,9612000,18975,0,18,7;37,46,38,-1,-1,35,43,54,-1,-1*13b15a2e
$GNRMC,,V,,,,,,,,,,N,V*37
$GNGGA,,,,,,0,,,,,,,,*78
$GPGSA,,1,,,,,,,,,,,,,,,,*73
$GPGSV,1,1,00,,,,,*55
$GPGST,,,,,,,,*57
#PPPNAVA,97,GPS,UNKNOWN,1,9613000,18975,0,18,3;INSUFFICIENT_OBS,NONE,0.00000000000,0.00000000000,-17.0000,17.0000,ERROR,0.0000,0.0000,0.0000,"",0.000,0.000,0,0,0,0,0,00,00,00*a548aa60
$GPHDT,,T*1B
#UNIHEADINGA,97,GPS,UNKNOWN,1,9613000,18975,0,18,4;INSUFFICIENT_OBS,NONE,0.0000,0.0000,0.0000,0.0000,0.0000,0.0000,"",0,0,0,0,0,00,0,0*cba47747
#AGCA,97,GPS,UNKNOWN,1,9613000,18975,0,18,7;37,46,38,-1,-1,35,43,54,-1,-1*7ac8514b
$GNRMC,,V,,,,,,,,,,N,V*37
$GNGGA,,,,,,0,,,,,,,,*78
$GPGSA,,1,,,,,,,,,,,,,,,,*73
$GPGSV,1,1,00,,,,,*55
$GPGST,,,,,,,,*57
#PPPNAVA,97,GPS,UNKNOWN,1,9614000,18975,0,18,2;INSUFFICIENT_OBS,NONE,0.00000000000,0.00000000000,-17.0000,17.0000,ERROR,0.0000,0.0000,0.0000,"",0.000,0.000,0,0,0,0,0,00,00,00*4832d391
$GPHDT,,T*1B
#UNIHEADINGA,97,GPS,UNKNOWN,1,9614000,18975,0,18,4;INSUFFICIENT_OBS,NONE,0.0000,0.0000,0.0000,0.0000,0.0000,0.0000,"",0,0,0,0,0,00,0,0*d5362b78
#AGCA,97,GPS,UNKNOWN,1,9614000,18975,0,18,7;36,45,38,-1,-1,35,44,54,-1,-1*69523706
$GNRMC,,V,,,,,,,,,,N,V*37
$GNGGA,,,,,,0,,,,,,,,*78
$GPGSA,,1,,,,,,,,,,,,,,,,*73
$GPGSV,1,1,00,,,,,*55
$GPGST,,,,,,,,*57
#PPPNAVA,97,GPS,UNKNOWN,1,9615000,18975,0,18,2;INSUFFICIENT_OBS,NONE,0.00000000000,0.00000000000,-17.0000,17.0000,ERROR,0.0000,0.0000,0.0000,"",0.000,0.000,0,0,0,0,0,00,00,00*107c288c
$GPHDT,,T*1B
#UNIHEADINGA,97,GPS,UNKNOWN,1,9615000,18975,0,18,4;INSUFFICIENT_OBS,NONE,0.0000,0.0000,0.0000,0.0000,0.0000,0.0000,"",0,0,0,0,0,00,0,0*5bfd5b47
#AGCA,97,GPS,UNKNOWN,1,9615000,18975,0,18,7;37,46,38,-1,-1,35,47,54,-1,-1*df44cc2e
$GNRMC,,V,,,,,,,,,,N,V*37
$GNGGA,,,,,,0,,,,,,,,*78
$GPGSA,,1,,,,,,,,,,,,,,,,*73
$GPGSV,1,1,00,,,,,*55
$GPGST,,,,,,,,*57
#PPPNAVA,97,GPS,UNKNOWN,1,9616000,18975,0,18,2;INSUFFICIENT_OBS,NONE,0.00000000000,0.00000000000,-17.0000,17.0000,ERROR,0.0000,0.0000,0.0000,"",0.000,0.000,0,0,0,0,0,00,00,00*f8af25ab
$GPHDT,,T*1B
#UNIHEADINGA,97,GPS,UNKNOWN,1,9616000,18975,0,18,4;INSUFFICIENT_OBS,NONE,0.0000,0.0000,0.0000,0.0000,0.0000,0.0000,"",0,0,0,0,0,00,0,0*13d1cd47
#AGCA,97,GPS,UNKNOWN,1,9616000,18975,0,18,7;37,46,38,-1,-1,35,45,54,-1,-1*603a01bc
$GNRMC,,V,,,,,,,,,,N,V*37
$GNGGA,,,,,,0,,,,,,,,*78
$GPGSA,,1,,,,,,,,,,,,,,,,*73
$GPGSV,1,1,00,,,,,*55
$GPGST,,,,,,,,*57
#PPPNAVA,97,GPS,UNKNOWN,1,9617000,18975,0,18,2;INSUFFICIENT_OBS,NONE,0.00000000000,0.00000000000,-17.0000,17.0000,ERROR,0.0000,0.0000,0.0000,"",0.000,0.000,0,0,0,0,0,00,00,00*a0e1deb6
$GPHDT,,T*1B
#UNIHEADINGA,97,GPS,UNKNOWN,1,9617000,18975,0,18,4;INSUFFICIENT_OBS,NONE,0.0000,0.0000,0.0000,0.0000,0.0000,0.0000,"",0,0,0,0,0,00,0,0*9d1abd78
#AGCA,97,GPS,UNKNOWN,1,9617000,18975,0,18,7;37,48,37,-1,-1,35,45,54,-1,-1*9209ed88
$GNRMC,,V,,,,,,,,,,N,V*37
$GNGGA,,,,,,0,,,,,,,,*78
$GPGSA,,1,,,,,,,,,,,,,,,,*73
$GPGSV,1,1,00,,,,,*55
$GPGST,,,,,,,,*57
#PPPNAVA,97,GPS,UNKNOWN,1,9618000,18975,0,18,2;INSUFFICIENT_OBS,NONE,0.00000000000,0.00000000000,-17.0000,17.0000,ERROR,0.0000,0.0000,0.0000,"",0.000,0.000,0,0,0,0,0,00,00,00*5d9ceb8f
$GPHDT,,T*1B
#UNIHEADINGA,97,GPS,UNKNOWN,1,9618000,18975,0,18,4;INSUFFICIENT_OBS,NONE,0.0000,0.0000,0.0000,0.0000,0.0000,0.0000,"",0,0,0,0,0,00,0,0*2ef57539
#AGCA,97,GPS,UNKNOWN,1,9618000,18975,0,18,7;37,46,38,-1,-1,35,44,54,-1,-1*deb50037
$GNRMC,,V,,,,,,,,,,N,V*37
$GNGGA,,,,,,0,,,,,,,,*78
$GPGSA,,1,,,,,,,,,,,,,,,,*73
$GPGSV,1,1,00,,,,,*55
$GPGST,,,,,,,,*57
#PPPNAVA,97,GPS,UNKNOWN,1,9619000,18975,0,18,2;INSUFFICIENT_OBS,NONE,0.00000000000,0.00000000000,-17.0000,17.0000,ERROR,0.0000,0.0000,0.0000,"",0.000,0.000,0,0,0,0,0,00,00,00*05d21092
$GPHDT,,T*1B
#UNIHEADINGA,97,GPS,UNKNOWN,1,9619000,18975,0,18,4;INSUFFICIENT_OBS,NONE,0.0000,0.0000,0.0000,0.0000,0.0000,0.0000,"",0,0,0,0,0,00,0,0*a03e0506
#AGCA,97,GPS,UNKNOWN,1,9619000,18975,0,18,7;37,45,38,-1,-1,35,44,54,-1,-1*8221bd01
$GNRMC,,V,,,,,,,,,,N,V*37
$GNGGA,,,,,,0,,,,,,,,*78
$GPGSA,,1,,,,,,,,,,,,,,,,*73
$GPGSV,1,1,00,,,,,*55
$GPGST,,,,,,,,*57
#PPPNAVA,97,GPS,UNKNOWN,1,9620000,18975,0,18,2;INSUFFICIENT_OBS,NONE,0.00000000000,0.00000000000,-17.0000,17.0000,ERROR,0.0000,0.0000,0.0000,"",0.000,0.000,0,0,0,0,0,00,00,00*579a5fc2
$GPHDT,,T*1B
#UNIHEADINGA,97,GPS,UNKNOWN,1,9620000,18975,0,18,4;INSUFFICIENT_OBS,NONE,0.0000,0.0000,0.0000,0.0000,0.0000,0.0000,"",0,0,0,0,0,00,0,0*83c0cdd1
#AGCA,97,GPS,UNKNOWN,1,9620000,18975,0,18,7;37,46,38,-1,-1,35,43,53,-1,-1*4236470e
$GNRMC,,V,,,,,,,,,,N,V*37
$GNGGA,,,,,,0,,,,,,,,*78
$GPGSA,,1,,,,,,,,,,,,,,,,*73
$GPGSV,1,1,00,,,,,*55
$GPGST,,,,,,,,*57
#PPPNAVA,97,GPS,UNKNOWN,1,9621000,18975,0,18,2;INSUFFICIENT_OBS,NONE,0.00000000000,0.00000000000,-17.0000,17.0000,ERROR,0.0000,0.0000,0.0000,"",0.000,0.000,0,0,0,0,0,00,00,00*0fd4a4df
$GPHDT,,T*1B
#UNIHEADINGA,97,GPS,UNKNOWN,1,9621000,18975,0,18,4;INSUFFICIENT_OBS,NONE,0.0000,0.0000,0.0000,0.0000,0.0000,0.0000,"",0,0,0,0,0,00,0,0*0d0bbdee
#AGCA,97,GPS,UNKNOWN,1,9621000,18975,0,18,7;37,46,38,-1,-1,35,44,54,-1,-1*0c34699c
$GNRMC,,V,,,,,,,,,,N,V*37
$GNGGA,,,,,,0,,,,,,,,*78
$GPGSA,,1,,,,,,,,,,,,,,,,*73
$GPGSV,1,1,00,,,,,*55
$GPGST,,,,,,,,*57
#PPPNAVA,97,GPS,UNKNOWN,1,9622000,18975,0,18,2;INSUFFICIENT_OBS,NONE,0.00000000000,0.00000000000,-17.0000,17.0000,ERROR,0.0000,0.0000,0.0000,"",0.000,0.000,0,0,0,0,0,00,00,00*e707a9f8
$GPHDT,,T*1B
#UNIHEADINGA,97,GPS,UNKNOWN,1,9622000,18975,0,18,4;INSUFFICIENT_OBS,NONE,0.0000,0.0000,0.0000,0.0000,0.0000,0.0000,"",0,0,0,0,0,00,0,0*45272bee
#AGCA,97,GPS,UNKNOWN,1,9622000,18975,0,18,7;37,46,37,-1,-1,35,44,54,-1,-1*6b256c73
$GNRMC,,V,,,,,,,,,,N,V*37
$GNGGA,,,,,,0,,,,,,,,*78
$GPGSA,,1,,,,,,,,,,,,,,,,*73
$GPGSV,1,1,00,,,,,*55
$GPGST,,,,,,,,*57
#PPPNAVA,97,GPS,UNKNOWN,1,9623000,18975,0,18,2;INSUFFICIENT_OBS,NONE,0.00000000000,0.00000000000,-17.0000,17.0000,ERROR,0.0000,0.0000,0.0000,"",0.000,0.000,0,0,0,0,0,00,00,00*bf4952e5
$GPHDT,,T*1B
#UNIHEADINGA,97,GPS,UNKNOWN,1,9623000,18975,0,18,4;INSUFFICIENT_OBS,NONE,0.0000,0.0000,0.0000,0.0000,0.0000,0.0000,"",0,0,0,0,0,00,0,0*cbec5bd1
#AGCA,97,GPS,UNKNOWN,1,9623000,18975,0,18,7;36,45,38,-1,-1,35,43,54,-1,-1*08422f61
$GNRMC,,V,,,,,,,,,,N,V*37
$GNGGA,,,,,,0,,,,,,,,*78
$GPGSA,,1,,,,,,,,,,,,,,,,*73
$GPGSV,1,1,00,,,,,*55
$GPGST,,,,,,,,*57
#PPPNAVA,97,GPS,UNKNOWN,1,9624000,18975,0,18,3;INSUFFICIENT_OBS,NONE,0.00000000000,0.00000000000,-17.0000,17.0000,ERROR,0.0000,0.0000,0.0000,"",0.000,0.000,0,0,0,0,0,00,00,00*52332b14
$GPHDT,,T*1B
#UNIHEADINGA,97,GPS,UNKNOWN,1,9624000,18975,0,18,4;INSUFFICIENT_OBS,NONE,0.0000,0.0000,0.0000,0.0000,0.0000,0.0000,"",0,0,0,0,0,00,0,0*d57e07ee
#AGCA,97,GPS,UNKNOWN,1,9624000,18975,0,18,7;37,46,37,-1,-1,35,43,54,-1,-1*259e4a15
$GNRMC,,V,,,,,,,,,,N,V*37
$GNGGA,,,,,,0,,,,,,,,*78
$GPGSA,,1,,,,,,,,,,,,,,,,*73
$GPGSV,1,1,00,,,,,*55
$GPGST,,,,,,,,*57
#PPPNAVA,97,GPS,UNKNOWN,1,9625000,18975,0,18,3;INSUFFICIENT_OBS,NONE,0.00000000000,0.00000000000,-17.0000,17.0000,ERROR,0.0000,0.0000,0.0000,"",0.000,0.000,0,0,0,0,0,00,00,00*0a7dd009
$GPHDT,,T*1B
#UNIHEADINGA,97,GPS,UNKNOWN,1,9625000,18975,0,18,4;INSUFFICIENT_OBS,NONE,0.0000,0.0000,0.0000,0.0000,0.0000,0.0000,"",0,0,0,0,0,00,0,0*5bb577d1
#AGCA,97,GPS,UNKNOWN,1,9625000,18975,0,18,7;37,46,38,-1,-1,35,44,54,-1,-1*72a14249
$GNRMC,,V,,,,,,,,,,N,V*37
$GNGGA,,,,,,0,,,,,,,,*78
$GPGSA,,1,,,,,,,,,,,,,,,,*73
$GPGSV,1,1,00,,,,,*55
$GPGST,,,,,,,,*57
#PPPNAVA,97,GPS,UNKNOWN,1,9626000,18975,0,18,3;INSUFFICIENT_OBS,NONE,0.00000000000,0.00000000000,-17.0000,17.0000,ERROR,0.0000,0.0000,0.0000,"",0.000,0.000,0,0,0,0,0,00,00,00*e2aedd2e
$GPHDT,,T*1B
#UNIHEADINGA,97,GPS,UNKNOWN,1,9626000,18975,0,18,4;INSUFFICIENT_OBS,NONE,0.0000,0.0000,0.0000,0.0000,0.0000,0.0000,"",0,0,0,0,0,00,0,0*1399e1d1
#AGCA,97,GPS,UNKNOWN,1,9626000,18975,0,18,7;36,44,39,-1,-1,35,44,54,-1,-1*4fd1e066
$GNRMC,,V,,,,,,,,,,N,V*37
$GNGGA,,,,,,0,,,,,,,,*78
$GPGSA,,1,,,,,,,,,,,,,,,,*73
$GPGSV,1,1,00,,,,,*55
$GPGST,,,,,,,,*57
#PPPNAVA,97,GPS,UNKNOWN,1,9627000,18975,0,18,3;INSUFFICIENT_OBS,NONE,0.00000000000,0.00000000000,-17.0000,17.0000,ERROR,0.0000,0.0000,0.0000,"",0.000,0.000,0,0,0,0,0,00,00,00*bae02633
$GPHDT,,T*1B
#UNIHEADINGA,97,GPS,UNKNOWN,1,9627000,18975,0,18,4;INSUFFICIENT_OBS,NONE,0.0000,0.0000,0.0000,0.0000,0.0000,0.0000,"",0,0,0,0,0,00,0,0*9d5291ee
#AGCA,97,GPS,UNKNOWN,1,9627000,18975,0,18,7;35,44,38,-1,-1,35,43,54,-1,-1*d182939d
$GNRMC,,V,,,,,,,,,,N,V*37
$GNGGA,,,,,,0,,,,,,,,*78
$GPGSA,,1,,,,,,,,,,,,,,,,*73
$GPGSV,1,1,00,,,,,*55
$GPGST,,,,,,,,*57
#PPPNAVA,97,GPS,UNKNOWN,1,9628000,18975,0,18,3;INSUFFICIENT_OBS,NONE,0.00000000000,0.00000000000,-17.0000,17.0000,ERROR,0.0000,0.0000,0.0000,"",0.000,0.000,0,0,0,0,0,00,00,00*479d130a
$GPHDT,,T*1B
#UNIHEADINGA,97,GPS,UNKNOWN,1,9628000,18975,0,18,4;INSUFFICIENT_OBS,NONE,0.0000,0.0000,0.0000,0.0000,0.0000,0.0000,"",0,0,0,0,0,00,0,0*2ebd59af
#AGCA,97,GPS,UNKNOWN,1,9628000,18975,0,18,7;37,46,38,-1,-1,35,45,54,-1,-1*77a55e6d
$GNRMC,,V,,,,,,,,,,N,V*37
$GNGGA,,,,,,0,,,,,,,,*78
$GPGSA,,1,,,,,,,,,,,,,,,,*73
$GPGSV,1,1,00,,,,,*55
$GPGST,,,,,,,,*57
#PPPNAVA,97,GPS,UNKNOWN,1,9629000,18975,0,18,3;INSUFFICIENT_OBS,NONE,0.00000000000,0.00000000000,-17.0000,17.0000,ERROR,0.0000,0.0000,0.0000,"",0.000,0.000,0,0,0,0,0,00,00,00*1fd3e817
$GPHDT,,T*1B
#UNIHEADINGA,97,GPS,UNKNOWN,1,9629000,18975,0,18,4;INSUFFICIENT_OBS,NONE,0.0000,0.0000,0.0000,0.0000,0.0000,0.0000,"",0,0,0,0,0,00,0,0*a0762990
#AGCA,97,GPS,UNKNOWN,1,9629000,18975,0,18,7;37,46,38,-1,-1,35,44,54,-1,-1*f11e3e36
$GNRMC,,V,,,,,,,,,,N,V*37
$GNGGA,,,,,,0,,,,,,,,*78
$GPGSA,,1,,,,,,,,,,,,,,,,*73
$GPGSV,1,1,00,,,,,*55
$GPGST,,,,,,,,*57
#PPPNAVA,97,GPS,UNKNOWN,1,9630000,18975,0,18,3;INSUFFICIENT_OBS,NONE,0.00000000000,0.00000000000,-17.0000,17.0000,ERROR,0.0000,0.0000,0.0000,"",0.000,0.000,0,0,0,0,0,00,00,00*8b27e303
$GPHDT,,T*1B
#UNIHEADINGA,97,GPS,UNKNOWN,1,9630000,18975,0,18,4;INSUFFICIENT_OBS,NONE,0.0000,0.0000,0.0000,0.0000,0.0000,0.0000,"",0,0,0,0,0,00,0,0*35282b9c
#AGCA,97,GPS,UNKNOWN,1,9630000,18975,0,18,7;37,46,38,-1,-1,35,45,54,-1,-1*b73ee51b
$GNRMC,,V,,,,,,,,,,N,V*37
$GNGGA,,,,,,0,,,,,,,,*78
$GPGSA,,1,,,,,,,,,,,,,,,,*73
$GPGSV,1,1,00,,,,,*55
$GPGST,,,,,,,,*57
#PPPNAVA,97,GPS,UNKNOWN,1,9631000,18975,0,18,3;INSUFFICIENT_OBS,NONE,0.00000000000,0.00000000000,-17.0000,17.0000,ERROR,0.0000,0.0000,0.0000,"",0.000,0.000,0,0,0,0,0,00,00,00*d369181e
$GPHDT,,T*1B
#UNIHEADINGA,97,GPS,UNKNOWN,1,9631000,18975,0,18,4;INSUFFICIENT_OBS,NONE,0.0000,0.0000,0.0000,0.0000,0.0000,0.0000,"",0,0,0,0,0,00,0,0*bbe35ba3
#AGCA,97,GPS,UNKNOWN,1,9631000,18975,0,18,7;37,45,38,-1,-1,35,43,54,-1,-1*e6b4286a
$GNRMC,,V,,,,,,,,,,N,V*37
$GNGGA,,,,,,0,,,,,,,,*78
$GPGSA,,1,,,,,,,,,,,,,,,,*73
$GPGSV,1,1,00,,,,,*55
$GPGST,,,,,,,,*57
#PPPNAVA,97,GPS,UNKNOWN,1,9632000,18975,0,18,2;INSUFFICIENT_OBS,NONE,0.00000000000,0.00000000000,-17.0000,17.0000,ERROR,0.0000,0.0000,0.0000,"",0.000,0.000,0,0,0,0,0,00,00,00*84598bda
$GPHDT,,T*1B
#UNIHEADINGA,97,GPS,UNKNOWN,1,9632000,18975,0,18,4;INSUFFICIENT_OBS,NONE,0.0000,0.0000,0.0000,0.0000,0.0000,0.0000,"",0,0,0,0,0,00,0,0*f3cfcda3
#AGCA,97,GPS,UNKNOWN,1,9632000,18975,0,18,7;37,45,38,-1,-1,35,43,54,-1,-1*5d3f35c5
$GNRMC,,V,,,,,,,,,,N,V*37
$GNGGA,,,,,,0,,,,,,,,*78
$GPGSA,,1,,,,,,,,,,,,,,,,*73
$GPGSV,1,1,00,,,,,*55
$GPGST,,,,,,,,*57
#PPPNAVA,97,GPS,UNKNOWN,1,9633000,18975,0,18,3;INSUFFICIENT_OBS,NONE,0.00000000000,0.00000000000,-17.0000,17.0000,ERROR,0.0000,0.0000,0.0000,"",0.000,0.000,0,0,0,0,0,00,00,00*63f4ee24
$GPHDT,,T*1B
#UNIHEADINGA,97,GPS,UNKNOWN,1,9633000,18975,0,18,4;INSUFFICIENT_OBS,NONE,0.0000,0.0000,0.0000,0.0000,0.0000,0.0000,"",0,0,0,0,0,00,0,0*7d04bd9c
#AGCA,97,GPS,UNKNOWN,1,9633000,18975,0,18,7;37,47,38,-1,-1,35,44,54,-1,-1*46fc0384
$GNRMC,,V,,,,,,,,,,N,V*37
$GNGGA,,,,,,0,,,,,,,,*78
$GPGSA,,1,,,,,,,,,,,,,,,,*73
$GPGSV,1,1,00,,,,,*55
$GPGST,,,,,,,,*57
#PPPNAVA,97,GPS,UNKNOWN,1,9634000,18975,0,18,2;INSUFFICIENT_OBS,NONE,0.00000000000,0.00000000000,-17.0000,17.0000,ERROR,0.0000,0.0000,0.0000,"",0.000,0.000,0,0,0,0,0,00,00,00*8e8e97d5
$GPHDT,,T*1B
#UNIHEADINGA,97,GPS,UNKNOWN,1,9634000,18975,0,18,4;INSUFFICIENT_OBS,NONE,0.0000,0.0000,0.0000,0.0000,0.0000,0.0000,"",0,0,0,0,0,00,0,0*6396e1a3
#AGCA,97,GPS,UNKNOWN,1,9634000,18975,0,18,7;37,45,38,-1,-1,35,44,54,-1,-1*138413a3
$GNRMC,,V,,,,,,,,,,N,V*37
$GNGGA,,,,,,0,,,,,,,,*78
$GPGSA,,1,,,,,,,,,,,,,,,,*73
$GPGSV,1,1,00,,,,,*55
$GPGST,,,,,,,,*57
#PPPNAVA,97,GPS,UNKNOWN,1,9635000,18975,0,18,2;INSUFFICIENT_OBS,NONE,0.00000000000,0.00000000000,-17.0000,17.0000,ERROR,0.0000,0.0000,0.0000,"",0.000,0.000,0,0,0,0,0,00,00,00*d6c06cc8
$GPHDT,,T*1B
#UNIHEADINGA,97,GPS,UNKNOWN,1,9635000,18975,0,18,4;INSUFFICIENT_OBS,NONE,0.0000,0.0000,0.0000,0.0000,0.0000,0.0000,"",0,0,0,0,0,00,0,0*ed5d919c
#AGCA,97,GPS,UNKNOWN,1,9635000,18975,0,18,7;36,45,38,-1,-1,35,44,54,-1,-1*7b48e5db
$GNRMC,,V,,,,,,,,,,N,V*37
$GNGGA,,,,,,0,,,,,,,,*78
$GPGSA,,1,,,,,,,,,,,,,,,,*73
$GPGSV,1,1,00,,,,,*55
$GPGST,,,,,,,,*57
#PPPNAVA,97,GPS,UNKNOWN,1,9636000,18975,0,18,2;INSUFFICIENT_OBS,NONE,0.00000000000,0.00000000000,-17.0000,17.0000,ERROR,0.0000,0.0000,0.0000,"",0.000,0.000,0,0,0,0,0,00,00,00*3e1361ef
$GPHDT,,T*1B
#UNIHEADINGA,97,GPS,UNKNOWN,1,9636000,18975,0,18,4;INSUFFICIENT_OBS,NONE,0.0000,0.0000,0.0000,0.0000,0.0000,0.0000,"",0,0,0,0,0,00,0,0*a571079c
#AGCA,97,GPS,UNKNOWN,1,9636000,18975,0,18,7;37,46,38,-1,-1,35,45,54,-1,-1*1b59d804
$GNRMC,,V,,,,,,,,,,N,V*37
$GNGGA,,,,,,0,,,,,,,,*78
$GPGSA,,1,,,,,,,,,,,,,,,,*73
$GPGSV,1,1,00,,,,,*55
$GPGST,,,,,,,,*57
#PPPNAVA,97,GPS,UNKNOWN,1,9637000,18975,0,18,2;INSUFFICIENT_OBS,NONE,0.00000000000,0.00000000000,-17.0000,17.0000,ERROR,0.0000,0.0000,0.0000,"",0.000,0.000,0,0,0,0,0,00,00,00*665d9af2
$GPHDT,,T*1B
#UNIHEADINGA,97,GPS,UNKNOWN,1,9637000,18975,0,18,4;INSUFFICIENT_OBS,NONE,0.0000,0.0000,0.0000,0.0000,0.0000,0.0000,"",0,0,0,0,0,00,0,0*2bba77a3
#AGCA,97,GPS,UNKNOWN,1,9637000,18975,0,18,7;37,46,38,-1,-1,35,44,54,-1,-1*9de2b85f
$GNRMC,,V,,,,,,,,,,N,V*37
$GNGGA,,,,,,0,,,,,,,,*78
$GPGSA,,1,,,,,,,,,,,,,,,,*73
$GPGSV,1,1,00,,,,,*55
$GPGST,,,,,,,,*57
#PPPNAVA,97,GPS,UNKNOWN,1,9638000,18975,0,18,2;INSUFFICIENT_OBS,NONE,0.00000000000,0.00000000000,-17.0000,17.0000,ERROR,0.0000,0.0000,0.0000,"",0.000,0.000,0,0,0,0,0,00,00,00*9b20afcb
$GPHDT,,T*1B
#UNIHEADINGA,97,GPS,UNKNOWN,1,9638000,18975,0,18,4;INSUFFICIENT_OBS,NONE,0.0000,0.0000,0.0000,0.0000,0.0000,0.0000,"",0,0,0,0,0,00,0,0*9855bfe2
#AGCA,97,GPS,UNKNOWN,1,9638000,18975,0,18,7;37,46,38,-1,-1,35,44,54,-1,-1*a5d6d98f
$GNRMC,,V,,,,,,,,,,N,V*37
$GNGGA,,,,,,0,,,,,,,,*78
$GPGSA,,1,,,,,,,,,,,,,,,,*73
$GPGSV,1,1,00,,,,,*55
$GPGST,,,,,,,,*57
#PPPNAVA,97,GPS,UNKNOWN,1,9639000,18975,0,18,2;INSUFFICIENT_OBS,NONE,0.00000000000,0.00000000000,-17.0000,17.0000,ERROR,0.0000,0.0000,0.0000,"",0.000,0.000,0,0,0,0,0,00,00,00*c36e54d6
$GPHDT,,T*1B
#UNIHEADINGA,97,GPS,UNKNOWN,1,9639000,18975,0,18,4;INSUFFICIENT_OBS,NONE,0.0000,0.0000,0.0000,0.0000,0.0000,0.0000,"",0,0,0,0,0,00,0,0*169ecfdd
#AGCA,97,GPS,UNKNOWN,1,9639000,18975,0,18,7;37,46,38,-1,-1,35,43,54,-1,-1*2e73c993
$GNRMC,,V,,,,,,,,,,N,V*37
$GNGGA,,,,,,0,,,,,,,,*78
$GPGSA,,1,,,,,,,,,,,,,,,,*73
$GPGSV,1,1,00,,,,,*55
$GPGST,,,,,,,,*57
#PPPNAVA,97,GPS,UNKNOWN,1,9640000,18975,0,18,2;INSUFFICIENT_OBS,NONE,0.00000000000,0.00000000000,-17.0000,17.0000,ERROR,0.0000,0.0000,0.0000,"",0.000,0.000,0,0,0,0,0,00,00,00*c72f954f
$GPHDT,,T*1B
#UNIHEADINGA,97,GPS,UNKNOWN,1,9640000,18975,0,18,4;INSUFFICIENT_OBS,NONE,0.0000,0.0000,0.0000,0.0000,0.0000,0.0000,"",0,0,0,0,0,00,0,0*835094fd
#AGCA,97,GPS,UNKNOWN,1,9640000,18975,0,18,7;37,46,38,-1,-1,35,43,54,-1,-1*0a351348
$GNRMC,,V,,,,,,,,,,N,V*37
$GNGGA,,,,,,0,,,,,,,,*78
$GPGSA,,1,,,,,,,,,,,,,,,,*73
$GPGSV,1,1,00,,,,,*55
$GPGST,,,,,,,,*57
#PPPNAVA,97,GPS,UNKNOWN,1,9641000,18975,0,18,2;INSUFFICIENT_OBS,NONE,0.00000000000,0.00000000000,-17.0000,17.0000,ERROR,0.0000,0.0000,0.0000,"",0.000,0.000,0,0,0,0,0,00,00,00*9f616e52
$GPHDT,,T*1B
#UNIHEADINGA,97,GPS,UNKNOWN,1,9641000,18975,0,18,4;INSUFFICIENT_OBS,NONE,0.0000,0.0000,0.0000,0.0000,0.0000,0.0000,"",0,0,0,0,0,00,0,0*0d9be4c2
#AGCA,97,GPS,UNKNOWN,1,9641000,18975,0,18,7;37,46,38,-1,-1,35,44,54,-1,-1*81900354
$GNRMC,,V,,,,,,,,,,N,V*37
$GNGGA,,,,,,0,,,,,,,,*78
$GPGSA,,1,,,,,,,,,,,,,,,,*73
$GPGSV,1,1,00,,,,,*55
$GPGST,,,,,,,,*57
#PPPNAVA,97,GPS,UNKNOWN,1,9642000,18975,0,18,3;INSUFFICIENT_OBS,NONE,0.00000000000,0.00000000000,-17.0000,17.0000,ERROR,0.0000,0.0000,0.0000,"",0.000,0.000,0,0,0,0,0,00,00,00*c851fd96
$GPHDT,,T*1B
#UNIHEADINGA,97,GPS,UNKNOWN,1,9642000,18975,0,18,4;INSUFFICIENT_OBS,NONE,0.0000,0.0000,0.0000,0.0000,0.0000,0.0000,"",0,0,0,0,0,00,0,0*45b772c2
#AGCA,97,GPS,UNKNOWN,1,9642000,18975,0,18,7;37,45,38,-1,-1,35,44,54,-1,-1*0ff6a8a8
$GNRMC,,V,,,,,,,,,,N,V*37
$GNGGA,,,,,,0,,,,,,,,*78
$GPGSA,,1,,,,,,,,,,,,,,,,*73
$GPGSV,1,1,00,,,,,*55
$GPGST,,,,,,,,*57
#PPPNAVA,97,GPS,UNKNOWN,1,9643000,18975,0,18,2;INSUFFICIENT_OBS,NONE,0.00000000000,0.00000000000,-17.0000,17.0000,ERROR,0.0000,0.0000,0.0000,"",0.000,0.000,0,0,0,0,0,00,00,00*2ffc9868
$GPHDT,,T*1B
#UNIHEADINGA,97,GPS,UNKNOWN,1,9643000,18975,0,18,4;INSUFFICIENT_OBS,NONE,0.0000,0.0000,0.0000,0.0000,0.0000,0.0000,"",0,0,0,0,0,00,0,0*cb7c02fd
#AGCA,97,GPS,UNKNOWN,1,9643000,18975,0,18,7;37,46,38,-1,-1,35,44,54,-1,-1*5362159e
$GNRMC,,V,,,,,,,,,,N,V*37
$GNGGA,,,,,,0,,,,,,,,*78
$GPGSA,,1,,,,,,,,,,,,,,,,*73
$GPGSV,1,1,00,,,,,*55
$GPGST,,,,,,,,*57
#PPPNAVA,97,GPS,UNKNOWN,1,9644000,18975,0,18,2;INSUFFICIENT_OBS,NONE,0.00000000000,0.00000000000,-17.0000,17.0000,ERROR,0.0000,0.0000,0.0000,"",0.000,0.000,0,0,0,0,0,00,00,00*7d657f7a
$GPHDT,,T*1B
#UNIHEADINGA,97,GPS,UNKNOWN,1,9644000,18975,0,18,4;INSUFFICIENT_OBS,NONE,0.0000,0.0000,0.0000,0.0000,0.0000,0.0000,"",0,0,0,0,0,00,0,0*d5ee5ec2
#AGCA,97,GPS,UNKNOWN,1,9644000,18975,0,18,7;37,45,38,-1,-1,35,44,54,-1,-1*a39195b7
$GNRMC,,V,,,,,,,,,,N,V*37
$GNGGA,,,,,,0,,,,,,,,*78
$GPGSA,,1,,,,,,,,,,,,,,,,*73
$GPGSV,1,1,00,,,,,*55
$GPGST,,,,,,,,*57
#PPPNAVA,97,GPS,UNKNOWN,1,9645000,18975,0,18,2;INSUFFICIENT_OBS,NONE,0.00000000000,0.00000000000,-17.0000,17.0000,ERROR,0.0000,0.0000,0.0000,"",0.000,0.000,0,0,0,0,0,00,00,00*252b8467
$GPHDT,,T*1B
#UNIHEADINGA,97,GPS,UNKNOWN,1,9645000,18975,0,18,4;INSUFFICIENT_OBS,NONE,0.0000,0.0000,0.0000,0.0000,0.0000,0.0000,"",0,0,0,0,0,00,0,0*5b252efd
#AGCA,97,GPS,UNKNOWN,1,9645000,18975,0,18,7;37,46,37,-1,-1,35,45,54,-1,-1*cc5d5bff
$GNRMC,,V,,,,,,,,,,N,V*37
$GNGGA,,,,,,0,,,,,,,,*78
$GPGSA,,1,,,,,,,,,,,,,,,,*73
$GPGSV,1,1,00,,,,,*55
$GPGST,,,,,,,,*57
#PPPNAVA,97,GPS,UNKNOWN,1,9646000,18975,0,18,2;INSUFFICIENT_OBS,NONE,0.00000000000,0.00000000000,-17.0000,17.0000,ERROR,0.0000,0.0000,0.0000,"",0.000,0.000,0,0,0,0,0,00,00,00*cdf88940
$GPHDT,,T*1B
#UNIHEADINGA,97,GPS,UNKNOWN,1,9646000,18975,0,18,4;INSUFFICIENT_OBS,NONE,0.0000,0.0000,0.0000,0.0000,0.0000,0.0000,"",0,0,0,0,0,00,0,0*1309b8fd
#AGCA,97,GPS,UNKNOWN,1,9646000,18975,0,18,7;36,44,38,-1,-1,35,43,54,-1,-1*3781f517
$GNRMC,,V,,,,,,,,,,N,V*37
$GNGGA,,,,,,0,,,,,,,,*78
$GPGSA,,1,,,,,,,,,,,,,,,,*73
$GPGSV,1,1,00,,,,,*55
$GPGST,,,,,,,,*57
#PPPNAVA,97,GPS,UNKNOWN,1,9647000,18975,0,18,3;INSUFFICIENT_OBS,NONE,0.00000000000,0.00000000000,-17.0000,17.0000,ERROR,0.0000,0.0000,0.0000,"",0.000,0.000,0,0,0,0,0,00,00,00*2a55ecbe
$GPHDT,,T*1B
#UNIHEADINGA,97,GPS,UNKNOWN,1,9647000,18975,0,18,4;INSUFFICIENT_OBS,NONE,0.0000,0.0000,0.0000,0.0000,0.0000,0.0000,"",0,0,0,0,0,00,0,0*9dc2c8c2
#AGCA,97,GPS,UNKNOWN,1,9647000,18975,0,18,7;36,44,38,-1,-1,35,43,54,-1,-1*5ef8fe72
$GNRMC,,V,,,,,,,,,,N,V*37
$GNGGA,,,,,,0,,,,,,,,*78
$GPGSA,,1,,,,,,,,,,,,,,,,*73
$GPGSV,1,1,00,,,,,*55
$GPGST,,,,,,,,*57
#PPPNAVA,97,GPS,UNKNOWN,1,9648000,18975,0,18,3;INSUFFICIENT_OBS,NONE,0.00000000000,0.00000000000,-17.0000,17.0000,ERROR,0.0000,0.0000,0.0000,"",0.000,0.000,0,0,0,0,0,00,00,00*d728d987
$GPHDT,,T*1B
#UNIHEADINGA,97,GPS,UNKNOWN,1,9648000,18975,0,18,4;INSUFFICIENT_OBS,NONE,0.0000,0.0000,0.0000,0.0000,0.0000,0.0000,"",0,0,0,0,0,00,0,0*2e2d0083
#AGCA,97,GPS,UNKNOWN,1,9648000,18975,0,18,7;36,44,37,-1,-1,35,44,54,-1,-1*588a9c9b
$GNRMC,,V,,,,,,,,,,N,V*37
$GNGGA,,,,,,0,,,,,,,,*78
$GPGSA,,1,,,,,,,,,,,,,,,,*73
$GPGSV,1,1,00,,,,,*55
$GPGST,,,,,,,,*57
#PPPNAVA,97,GPS,UNKNOWN,1,9649000,18975,0,18,2;INSUFFICIENT_OBS,NONE,0.00000000000,0.00000000000,-17.0000,17.0000,ERROR,0.0000,0.0000,0.0000,"",0.000,0.000,0,0,0,0,0,00,00,00*3085bc79
$GPHDT,,T*1B
#UNIHEADINGA,97,GPS,UNKNOWN,1,9649000,18975,0,18,4;INSUFFICIENT_OBS,NONE,0.0000,0.0000,0.0000,0.0000,0.0000,0.0000,"",0,0,0,0,0,00,0,0*a0e670bc
#AGCA,97,GPS,UNKNOWN,1,9649000,18975,0,18,7;36,44,38,-1,-1,35,43,54,-1,-1*0fb594c7
$GNRMC,,V,,,,,,,,,,N,V*37
$GNGGA,,,,,,0,,,,,,,,*78
$GPGSA,,1,,,,,,,,,,,,,,,,*73
$GPGSV,1,1,00,,,,,*55
$GPGST,,,,,,,,*57
#PPPNAVA,97,GPS,UNKNOWN,1,9650000,18975,0,18,2;INSUFFICIENT_OBS,NONE,0.00000000000,0.00000000000,-17.0000,17.0000,ERROR,0.0000,0.0000,0.0000,"",0.000,0.000,0,0,0,0,0,00,00,00*a471b76d
$GPHDT,,T*1B
#UNIHEADINGA,97,GPS,UNKNOWN,1,9650000,18975,0,18,4;INSUFFICIENT_OBS,NONE,0.0000,0.0000,0.0000,0.0000,0.0000,0.0000,"",0,0,0,0,0,00,0,0*35b872b0
#AGCA,97,GPS,UNKNOWN,1,9650000,18975,0,18,7;37,46,38,-1,-1,35,43,53,-1,-1*f223c11a
$GNRMC,,V,,,,,,,,,,N,V*37
$GNGGA,,,,,,0,,,,,,,,*78
$GPGSA,,1,,,,,,,,,,,,,,,,*73
$GPGSV,1,1,00,,,,,*55
$GPGST,,,,,,,,*57
#PPPNAVA,97,GPS,UNKNOWN,1,9651000,18975,0,18,2;INSUFFICIENT_OBS,NONE,0.00000000000,0.00000000000,-17.0000,17.0000,ERROR,0.0000,0.0000,0.0000,"",0.000,0.000,0,0,0,0,0,00,00,00*fc3f4c70
$GPHDT,,T*1B
#UNIHEADINGA,97,GPS,UNKNOWN,1,9651000,18975,0,18,4;INSUFFICIENT_OBS,NONE,0.0000,0.0000,0.0000,0.0000,0.0000,0.0000,"",0,0,0,0,0,00,0,0*bb73028f
#AGCA,97,GPS,UNKNOWN,1,9651000,18975,0,18,7;37,46,37,-1,-1,35,45,54,-1,-1*8f799cf6
$GNRMC,,V,,,,,,,,,,N,V*37
$GNGGA,,,,,,0,,,,,,,,*78
$GPGSA,,1,,,,,,,,,,,,,,,,*73
$GPGSV,1,1,00,,,,,*55
$GPGST,,,,,,,,*57
#PPPNAVA,97,GPS,UNKNOWN,1,9652000,18975,0,18,2;INSUFFICIENT_OBS,NONE,0.00000000000,0.00000000000,-17.0000,17.0000,ERROR,0.0000,0.0000,0.0000,"",0.000,0.000,0,0,0,0,0,00,00,00*14ec4157
$GPHDT,,T*1B
#UNIHEADINGA,97,GPS,UNKNOWN,1,9652000,18975,0,18,4;INSUFFICIENT_OBS,NONE,0.0000,0.0000,0.0000,0.0000,0.0000,0.0000,"",0,0,0,0,0,00,0,0*f35f948f
#AGCA,97,GPS,UNKNOWN,1,9652000,18975,0,18,7;37,46,38,-1,-1,35,44,54,-1,-1*07aaf227
$GNRMC,,V,,,,,,,,,,N,V*37
$GNGGA,,,,,,0,,,,,,,,*78
$GPGSA,,1,,,,,,,,,,,,,,,,*73
$GPGSV,1,1,00,,,,,*55
$GPGST,,,,,,,,*57
#PPPNAVA,97,GPS,UNKNOWN,1,9653000,18975,0,18,2;INSUFFICIENT_OBS,NONE,0.00000000000,0.00000000000,-17.0000,17.0000,ERROR,0.0000,0.0000,0.0000,"",0.000,0.000,0,0,0,0,0,00,00,00*4ca2ba4a
$GPHDT,,T*1B
#UNIHEADINGA,97,GPS,UNKNOWN,1,9653000,18975,0,18,4;INSUFFICIENT_OBS,NONE,0.0000,0.0000,0.0000,0.0000,0.0000,0.0000,"",0,0,0,0,0,00,0,0*7d94e4b0
#AGCA,97,GPS,UNKNOWN,1,9653000,18975,0,18,7;37,45,38,-1,-1,35,43,53,-1,-1*7c456ae6
$GNRMC,,V,,,,,,,,,,N,V*37
$GNGGA,,,,,,0,,,,,,,,*78
$GPGSA,,1,,,,,,,,,,,,,,,,*73
$GPGSV,1,1,00,,,,,*55
$GPGST,,,,,,,,*57
#PPPNAVA,97,GPS,UNKNOWN,1,9654000,18975,0,18,2;INSUFFICIENT_OBS,NONE,0.00000000000,0.00000000000,-17.0000,17.0000,ERROR,0.0000,0.0000,0.0000,"",0.000,0.000,0,0,0,0,0,00,00,00*1e3b5d58
$GPHDT,,T*1B
#UNIHEADINGA,97,GPS,UNKNOWN,1,9654000,18975,0,18,4;INSUFFICIENT_OBS,NONE,0.0000,0.0000,0.0000,0.0000,0.0000,0.0000,"",0,0,0,0,0,00,0,0*6306b88f
#AGCA,97,GPS,UNKNOWN,1,9654000,18975,0,18,7;37,46,38,-1,-1,35,43,54,-1,-1*4911d441
$GNRMC,,V,,,,,,,,,,N,V*37
$GNGGA,,,,,,0,,,,,,,,*78
$GPGSA,,1,,,,,,,,,,,,,,,,*73
$GPGSV,1,1,00,,,,,*55
$GPGST,,,,,,,,*57
#PPPNAVA,97,GPS,UNKNOWN,1,9655000,18975,0,18,2;INSUFFICIENT_OBS,NONE,0.00000000000,0.00000000000,-17.0000,17.0000,ERROR,0.0000,0.0000,0.0000,"",0.000,0.000,0,0,0,0,0,00,00,00*4675a645
$GPHDT,,T*1B
#UNIHEADINGA,97,GPS,UNKNOWN,1,9655000,18975,0,18,4;INSUFFICIENT_OBS,NONE,0.0000,0.0000,0.0000,0.0000,0.0000,0.0000,"",0,0,0,0,0,00,0,0*edcdc8b0
#AGCA,97,GPS,UNKNOWN,1,9655000,18975,0,18,7;37,46,37,-1,-1,35,43,54,-1,-1*fcf2c764
$GNRMC,,V,,,,,,,,,,N,V*37
$GNGGA,,,,,,0,,,,,,,,*78
$GPGSA,,1,,,,,,,,,,,,,,,,*73
$GPGSV,1,1,00,,,,,*55
$GPGST,,,,,,,,*57
#PPPNAVA,97,GPS,UNKNOWN,1,9656000,18975,0,18,2;INSUFFICIENT_OBS,NONE,0.00000000000,0.00000000000,-17.0000,17.0000,ERROR,0.0000,0.0000,0.0000,"",0.000,0.000,0,0,0,0,0,00,00,00*aea6ab62
$GPHDT,,T*1B
#UNIHEADINGA,97,GPS,UNKNOWN,1,9656000,18975,0,18,4;INSUFFICIENT_OBS,NONE,0.0000,0.0000,0.0000,0.0000,0.0000,0.0000,"",0,0,0,0,0,00,0,0*a5e15eb0
#AGCA,97,GPS,UNKNOWN,1,9656000,18975,0,18,7;37,46,38,-1,-1,35,44,54,-1,-1*793fd9f2
